[2021-11-14 01:24:15] merlin-logger.DEBUG: The welcome step has been displayed [] []
[2021-11-14 01:24:19] merlin-logger.DEBUG: The plugin installation step has been displayed [] []
[2021-11-14 01:24:36] merlin-logger.DEBUG: A plugin with the following data will be processed {"plugin_slug":"contact-form-7","message":"Installing"} []
[2021-11-14 01:24:53] merlin-logger.DEBUG: A plugin with the following data was processed {"plugin_slug":"contact-form-7"} []
[2021-11-14 01:24:59] merlin-logger.DEBUG: The pro version step has been displayed [] []
[2021-11-14 01:25:03] merlin-logger.DEBUG: The content import step has been displayed [] []
[2021-11-14 01:25:13] merlin-logger.INFO: The content import AJAX call will be executed with this import data {"title":"Content","data":"/opt/bitnami/wordpress/wp-content/uploads/2021/11/content-2021-11-14__01-25-10.xml"} []
[2021-11-14 01:25:13] merlin-logger.DEBUG: The Hello world post status was set to draft [] []
[2021-11-14 01:25:13] merlin-logger.INFO: Imported "Business" (category) [] []
[2021-11-14 01:25:13] merlin-logger.DEBUG: Term 2 remapped to 2 [] []
[2021-11-14 01:25:13] merlin-logger.INFO: Imported "Inspiration" (category) [] []
[2021-11-14 01:25:13] merlin-logger.DEBUG: Term 3 remapped to 3 [] []
[2021-11-14 01:25:13] merlin-logger.INFO: Imported "Lifestyle" (category) [] []
[2021-11-14 01:25:13] merlin-logger.DEBUG: Term 4 remapped to 4 [] []
[2021-11-14 01:25:13] merlin-logger.INFO: Imported "Nature" (category) [] []
[2021-11-14 01:25:13] merlin-logger.DEBUG: Term 5 remapped to 5 [] []
[2021-11-14 01:25:13] merlin-logger.INFO: Imported "Productivity" (category) [] []
[2021-11-14 01:25:13] merlin-logger.DEBUG: Term 6 remapped to 6 [] []
[2021-11-14 01:25:13] merlin-logger.INFO: Imported "business" (post_tag) [] []
[2021-11-14 01:25:13] merlin-logger.DEBUG: Term 7 remapped to 7 [] []
[2021-11-14 01:25:13] merlin-logger.INFO: Imported "camera" (post_tag) [] []
[2021-11-14 01:25:13] merlin-logger.DEBUG: Term 8 remapped to 8 [] []
[2021-11-14 01:25:13] merlin-logger.INFO: Imported "dreams" (post_tag) [] []
[2021-11-14 01:25:13] merlin-logger.DEBUG: Term 9 remapped to 9 [] []
[2021-11-14 01:25:13] merlin-logger.INFO: Imported "entrepreneur" (post_tag) [] []
[2021-11-14 01:25:13] merlin-logger.DEBUG: Term 10 remapped to 10 [] []
[2021-11-14 01:25:13] merlin-logger.INFO: Imported "failure" (post_tag) [] []
[2021-11-14 01:25:13] merlin-logger.DEBUG: Term 11 remapped to 11 [] []
[2021-11-14 01:25:13] merlin-logger.INFO: Imported "forest" (post_tag) [] []
[2021-11-14 01:25:13] merlin-logger.DEBUG: Term 12 remapped to 12 [] []
[2021-11-14 01:25:13] merlin-logger.INFO: Imported "inspiration" (post_tag) [] []
[2021-11-14 01:25:13] merlin-logger.DEBUG: Term 13 remapped to 13 [] []
[2021-11-14 01:25:13] merlin-logger.INFO: Imported "investment" (post_tag) [] []
[2021-11-14 01:25:13] merlin-logger.DEBUG: Term 14 remapped to 14 [] []
[2021-11-14 01:25:13] merlin-logger.INFO: Imported "minimal" (post_tag) [] []
[2021-11-14 01:25:13] merlin-logger.DEBUG: Term 15 remapped to 15 [] []
[2021-11-14 01:25:13] merlin-logger.INFO: Imported "mountains" (post_tag) [] []
[2021-11-14 01:25:13] merlin-logger.DEBUG: Term 16 remapped to 16 [] []
[2021-11-14 01:25:13] merlin-logger.INFO: Imported "nature" (post_tag) [] []
[2021-11-14 01:25:13] merlin-logger.DEBUG: Term 17 remapped to 17 [] []
[2021-11-14 01:25:13] merlin-logger.INFO: Imported "office" (post_tag) [] []
[2021-11-14 01:25:13] merlin-logger.DEBUG: Term 18 remapped to 18 [] []
[2021-11-14 01:25:13] merlin-logger.INFO: Imported "photography" (post_tag) [] []
[2021-11-14 01:25:13] merlin-logger.DEBUG: Term 19 remapped to 19 [] []
[2021-11-14 01:25:13] merlin-logger.INFO: Imported "quotes" (post_tag) [] []
[2021-11-14 01:25:13] merlin-logger.DEBUG: Term 20 remapped to 20 [] []
[2021-11-14 01:25:13] merlin-logger.INFO: Imported "success" (post_tag) [] []
[2021-11-14 01:25:13] merlin-logger.DEBUG: Term 21 remapped to 21 [] []
[2021-11-14 01:25:13] merlin-logger.INFO: Imported "tolols" (post_tag) [] []
[2021-11-14 01:25:13] merlin-logger.DEBUG: Term 22 remapped to 22 [] []
[2021-11-14 01:25:13] merlin-logger.INFO: Imported "tools" (post_tag) [] []
[2021-11-14 01:25:13] merlin-logger.DEBUG: Term 23 remapped to 23 [] []
[2021-11-14 01:25:13] merlin-logger.INFO: Imported "trip" (post_tag) [] []
[2021-11-14 01:25:13] merlin-logger.DEBUG: Term 24 remapped to 24 [] []
[2021-11-14 01:25:13] merlin-logger.INFO: Imported "work" (post_tag) [] []
[2021-11-14 01:25:13] merlin-logger.DEBUG: Term 25 remapped to 25 [] []
[2021-11-14 01:25:13] merlin-logger.WARNING: Failed to import elementor_library_type page [] []
[2021-11-14 01:25:13] merlin-logger.DEBUG: Invalid taxonomy. [] []
[2021-11-14 01:25:13] merlin-logger.INFO: Imported "Footer Bottom Menu" (nav_menu) [] []
[2021-11-14 01:25:13] merlin-logger.DEBUG: Term 27 remapped to 26 [] []
[2021-11-14 01:25:13] merlin-logger.INFO: Imported "Primary Menu" (nav_menu) [] []
[2021-11-14 01:25:13] merlin-logger.DEBUG: Term 28 remapped to 27 [] []
[2021-11-14 01:25:15] merlin-logger.INFO: Imported "favicon" (Media) [] []
[2021-11-14 01:25:15] merlin-logger.DEBUG: Post 16 remapped to 16 [] []
[2021-11-14 01:25:25] merlin-logger.ERROR: Failed to import "cropped-favicon.png" (Media) [] []
[2021-11-14 01:25:25] merlin-logger.DEBUG: cURL error 28: Resolving timed out after 10000 milliseconds [] []
[2021-11-14 01:25:30] merlin-logger.INFO: Imported "logo_dark@2x" (Media) [] []
[2021-11-14 01:25:30] merlin-logger.DEBUG: Post 49 remapped to 49 [] []
[2021-11-14 01:25:36] merlin-logger.INFO: Imported "blog_post_1-min" (Media) [] []
[2021-11-14 01:25:36] merlin-logger.DEBUG: Post 57 remapped to 57 [] []
[2021-11-14 01:25:36] merlin-logger.INFO: New AJAX call! [] []
[2021-11-14 01:25:36] merlin-logger.INFO: The content import AJAX call will be executed with this import data {"title":"Content","data":"/opt/bitnami/wordpress/wp-content/uploads/2021/11/content-2021-11-14__01-25-10.xml"} []
[2021-11-14 01:25:36] merlin-logger.DEBUG: The Hello world post status was set to draft [] []
[2021-11-14 01:25:36] merlin-logger.WARNING: Failed to import elementor_library_type page [] []
[2021-11-14 01:25:36] merlin-logger.DEBUG: Invalid taxonomy. [] []
[2021-11-14 01:25:37] merlin-logger.INFO: Imported "cropped-favicon.png" (Media) [] []
[2021-11-14 01:25:37] merlin-logger.DEBUG: Post 17 remapped to 17 [] []
[2021-11-14 01:25:42] merlin-logger.INFO: Imported "blog_post_10" (Media) [] []
[2021-11-14 01:25:42] merlin-logger.DEBUG: Post 58 remapped to 58 [] []
[2021-11-14 01:25:46] merlin-logger.INFO: Imported "blog_post_2-min" (Media) [] []
[2021-11-14 01:25:46] merlin-logger.DEBUG: Post 61 remapped to 61 [] []
[2021-11-14 01:25:50] merlin-logger.INFO: Imported "woocommerce-placeholder" (Media) [] []
[2021-11-14 01:25:50] merlin-logger.DEBUG: Post 63 remapped to 63 [] []
[2021-11-14 01:25:54] merlin-logger.INFO: Imported "blog_post_3" (Media) [] []
[2021-11-14 01:25:54] merlin-logger.DEBUG: Post 70 remapped to 70 [] []
[2021-11-14 01:25:59] merlin-logger.INFO: Imported "blog_post_4" (Media) [] []
[2021-11-14 01:25:59] merlin-logger.DEBUG: Post 73 remapped to 73 [] []
[2021-11-14 01:25:59] merlin-logger.INFO: New AJAX call! [] []
[2021-11-14 01:25:59] merlin-logger.INFO: The content import AJAX call will be executed with this import data {"title":"Content","data":"/opt/bitnami/wordpress/wp-content/uploads/2021/11/content-2021-11-14__01-25-10.xml"} []
[2021-11-14 01:25:59] merlin-logger.DEBUG: The Hello world post status was set to draft [] []
[2021-11-14 01:25:59] merlin-logger.WARNING: Failed to import elementor_library_type page [] []
[2021-11-14 01:25:59] merlin-logger.DEBUG: Invalid taxonomy. [] []
[2021-11-14 01:26:04] merlin-logger.INFO: Imported "blog_post_5" (Media) [] []
[2021-11-14 01:26:04] merlin-logger.DEBUG: Post 76 remapped to 76 [] []
[2021-11-14 01:26:09] merlin-logger.INFO: Imported "blog_post_6" (Media) [] []
[2021-11-14 01:26:09] merlin-logger.DEBUG: Post 79 remapped to 79 [] []
[2021-11-14 01:26:14] merlin-logger.INFO: Imported "blog_post_7" (Media) [] []
[2021-11-14 01:26:14] merlin-logger.DEBUG: Post 82 remapped to 82 [] []
[2021-11-14 01:26:18] merlin-logger.INFO: Imported "blog_post_8" (Media) [] []
[2021-11-14 01:26:18] merlin-logger.DEBUG: Post 85 remapped to 85 [] []
[2021-11-14 01:26:23] merlin-logger.INFO: Imported "blog_post_9" (Media) [] []
[2021-11-14 01:26:23] merlin-logger.DEBUG: Post 88 remapped to 88 [] []
[2021-11-14 01:26:23] merlin-logger.INFO: New AJAX call! [] []
[2021-11-14 01:26:23] merlin-logger.INFO: The content import AJAX call will be executed with this import data {"title":"Content","data":"/opt/bitnami/wordpress/wp-content/uploads/2021/11/content-2021-11-14__01-25-10.xml"} []
[2021-11-14 01:26:23] merlin-logger.DEBUG: The Hello world post status was set to draft [] []
[2021-11-14 01:26:23] merlin-logger.WARNING: Failed to import elementor_library_type page [] []
[2021-11-14 01:26:23] merlin-logger.DEBUG: Invalid taxonomy. [] []
[2021-11-14 01:26:29] merlin-logger.INFO: Imported "blog_post_10" (Media) [] []
[2021-11-14 01:26:29] merlin-logger.DEBUG: Post 91 remapped to 91 [] []
[2021-11-14 01:26:34] merlin-logger.INFO: Imported "nokke_hero-min" (Media) [] []
[2021-11-14 01:26:34] merlin-logger.DEBUG: Post 102 remapped to 102 [] []
[2021-11-14 01:26:34] merlin-logger.INFO: Imported "logo_dark" (Media) [] []
[2021-11-14 01:26:34] merlin-logger.DEBUG: Post 122 remapped to 122 [] []
[2021-11-14 01:26:35] merlin-logger.INFO: Imported "logo" (Media) [] []
[2021-11-14 01:26:35] merlin-logger.DEBUG: Post 132 remapped to 132 [] []
[2021-11-14 01:26:36] merlin-logger.INFO: Imported "logo@2x" (Media) [] []
[2021-11-14 01:26:36] merlin-logger.DEBUG: Post 133 remapped to 133 [] []
[2021-11-14 01:26:39] merlin-logger.INFO: Imported "nokke_project_8" (Media) [] []
[2021-11-14 01:26:39] merlin-logger.DEBUG: Post 293 remapped to 293 [] []
[2021-11-14 01:26:48] merlin-logger.INFO: Imported "nokke_project_7" (Media) [] []
[2021-11-14 01:26:48] merlin-logger.DEBUG: Post 315 remapped to 315 [] []
[2021-11-14 01:26:48] merlin-logger.INFO: New AJAX call! [] []
[2021-11-14 01:26:48] merlin-logger.INFO: The content import AJAX call will be executed with this import data {"title":"Content","data":"/opt/bitnami/wordpress/wp-content/uploads/2021/11/content-2021-11-14__01-25-10.xml"} []
[2021-11-14 01:26:48] merlin-logger.DEBUG: The Hello world post status was set to draft [] []
[2021-11-14 01:26:48] merlin-logger.WARNING: Failed to import elementor_library_type page [] []
[2021-11-14 01:26:48] merlin-logger.DEBUG: Invalid taxonomy. [] []
[2021-11-14 01:26:52] merlin-logger.INFO: Imported "nokke_project_6" (Media) [] []
[2021-11-14 01:26:52] merlin-logger.DEBUG: Post 324 remapped to 324 [] []
[2021-11-14 01:26:57] merlin-logger.INFO: Imported "nokke_project_12" (Media) [] []
[2021-11-14 01:26:57] merlin-logger.DEBUG: Post 351 remapped to 351 [] []
[2021-11-14 01:27:01] merlin-logger.INFO: Imported "nokke_project_11" (Media) [] []
[2021-11-14 01:27:01] merlin-logger.DEBUG: Post 363 remapped to 363 [] []
[2021-11-14 01:27:09] merlin-logger.INFO: Imported "nokke_project_10" (Media) [] []
[2021-11-14 01:27:09] merlin-logger.DEBUG: Post 366 remapped to 366 [] []
[2021-11-14 01:27:09] merlin-logger.INFO: New AJAX call! [] []
[2021-11-14 01:27:10] merlin-logger.INFO: The content import AJAX call will be executed with this import data {"title":"Content","data":"/opt/bitnami/wordpress/wp-content/uploads/2021/11/content-2021-11-14__01-25-10.xml"} []
[2021-11-14 01:27:10] merlin-logger.DEBUG: The Hello world post status was set to draft [] []
[2021-11-14 01:27:10] merlin-logger.WARNING: Failed to import elementor_library_type page [] []
[2021-11-14 01:27:10] merlin-logger.DEBUG: Invalid taxonomy. [] []
[2021-11-14 01:27:14] merlin-logger.INFO: Imported "nokke_project_9" (Media) [] []
[2021-11-14 01:27:14] merlin-logger.DEBUG: Post 369 remapped to 369 [] []
[2021-11-14 01:27:18] merlin-logger.INFO: Imported "nokke_project_1" (Media) [] []
[2021-11-14 01:27:18] merlin-logger.DEBUG: Post 373 remapped to 373 [] []
[2021-11-14 01:27:21] merlin-logger.INFO: Imported "nokke_project_2" (Media) [] []
[2021-11-14 01:27:21] merlin-logger.DEBUG: Post 374 remapped to 374 [] []
[2021-11-14 01:27:24] merlin-logger.INFO: Imported "nokke_project_3" (Media) [] []
[2021-11-14 01:27:24] merlin-logger.DEBUG: Post 375 remapped to 375 [] []
[2021-11-14 01:27:28] merlin-logger.INFO: Imported "nokke_project_4" (Media) [] []
[2021-11-14 01:27:28] merlin-logger.DEBUG: Post 376 remapped to 376 [] []
[2021-11-14 01:27:31] merlin-logger.INFO: Imported "nokke_project_5" (Media) [] []
[2021-11-14 01:27:31] merlin-logger.DEBUG: Post 378 remapped to 378 [] []
[2021-11-14 01:27:31] merlin-logger.INFO: New AJAX call! [] []
[2021-11-14 01:27:31] merlin-logger.INFO: The content import AJAX call will be executed with this import data {"title":"Content","data":"/opt/bitnami/wordpress/wp-content/uploads/2021/11/content-2021-11-14__01-25-10.xml"} []
[2021-11-14 01:27:31] merlin-logger.DEBUG: The Hello world post status was set to draft [] []
[2021-11-14 01:27:31] merlin-logger.WARNING: Failed to import elementor_library_type page [] []
[2021-11-14 01:27:31] merlin-logger.DEBUG: Invalid taxonomy. [] []
[2021-11-14 01:27:39] merlin-logger.INFO: Imported "nokke_promo_slide_1" (Media) [] []
[2021-11-14 01:27:39] merlin-logger.DEBUG: Post 408 remapped to 408 [] []
[2021-11-14 01:27:41] merlin-logger.INFO: Imported "nokke_promo_slide_2" (Media) [] []
[2021-11-14 01:27:41] merlin-logger.DEBUG: Post 451 remapped to 451 [] []
[2021-11-14 01:27:43] merlin-logger.INFO: Imported "nokke_promo_slide_3" (Media) [] []
[2021-11-14 01:27:43] merlin-logger.DEBUG: Post 452 remapped to 452 [] []
[2021-11-14 01:27:47] merlin-logger.INFO: Imported "nokke_process" (Media) [] []
[2021-11-14 01:27:47] merlin-logger.DEBUG: Post 553 remapped to 553 [] []
[2021-11-14 01:27:48] merlin-logger.INFO: Imported "nokke_team_1" (Media) [] []
[2021-11-14 01:27:48] merlin-logger.DEBUG: Post 563 remapped to 563 [] []
[2021-11-14 01:27:49] merlin-logger.INFO: Imported "nokke_team_2" (Media) [] []
[2021-11-14 01:27:49] merlin-logger.DEBUG: Post 564 remapped to 564 [] []
[2021-11-14 01:27:50] merlin-logger.INFO: Imported "nokke_team_3" (Media) [] []
[2021-11-14 01:27:50] merlin-logger.DEBUG: Post 565 remapped to 565 [] []
[2021-11-14 01:27:53] merlin-logger.INFO: Imported "nokke_testimonials_bg" (Media) [] []
[2021-11-14 01:27:53] merlin-logger.DEBUG: Post 731 remapped to 731 [] []
[2021-11-14 01:27:53] merlin-logger.INFO: New AJAX call! [] []
[2021-11-14 01:27:53] merlin-logger.INFO: The content import AJAX call will be executed with this import data {"title":"Content","data":"/opt/bitnami/wordpress/wp-content/uploads/2021/11/content-2021-11-14__01-25-10.xml"} []
[2021-11-14 01:27:53] merlin-logger.DEBUG: The Hello world post status was set to draft [] []
[2021-11-14 01:27:53] merlin-logger.WARNING: Failed to import elementor_library_type page [] []
[2021-11-14 01:27:53] merlin-logger.DEBUG: Invalid taxonomy. [] []
[2021-11-14 01:27:55] merlin-logger.INFO: Imported "client_logo_1" (Media) [] []
[2021-11-14 01:27:55] merlin-logger.DEBUG: Post 775 remapped to 775 [] []
[2021-11-14 01:27:55] merlin-logger.INFO: Imported "client_logo_2" (Media) [] []
[2021-11-14 01:27:55] merlin-logger.DEBUG: Post 776 remapped to 776 [] []
[2021-11-14 01:27:56] merlin-logger.INFO: Imported "client_logo_3" (Media) [] []
[2021-11-14 01:27:56] merlin-logger.DEBUG: Post 777 remapped to 777 [] []
[2021-11-14 01:27:57] merlin-logger.INFO: Imported "client_logo_4" (Media) [] []
[2021-11-14 01:27:57] merlin-logger.DEBUG: Post 778 remapped to 778 [] []
[2021-11-14 01:27:58] merlin-logger.INFO: Imported "client_logo_5" (Media) [] []
[2021-11-14 01:27:58] merlin-logger.DEBUG: Post 779 remapped to 779 [] []
[2021-11-14 01:27:59] merlin-logger.INFO: Imported "client_logo_6" (Media) [] []
[2021-11-14 01:27:59] merlin-logger.DEBUG: Post 780 remapped to 780 [] []
[2021-11-14 01:28:02] merlin-logger.INFO: Imported "shop_product_1" (Media) [] []
[2021-11-14 01:28:02] merlin-logger.DEBUG: Post 831 remapped to 831 [] []
[2021-11-14 01:28:05] merlin-logger.INFO: Imported "shop_product_2" (Media) [] []
[2021-11-14 01:28:05] merlin-logger.DEBUG: Post 835 remapped to 835 [] []
[2021-11-14 01:28:08] merlin-logger.INFO: Imported "shop_product_3" (Media) [] []
[2021-11-14 01:28:08] merlin-logger.DEBUG: Post 836 remapped to 836 [] []
[2021-11-14 01:28:11] merlin-logger.INFO: Imported "shop_product_4" (Media) [] []
[2021-11-14 01:28:11] merlin-logger.DEBUG: Post 837 remapped to 837 [] []
[2021-11-14 01:28:13] merlin-logger.INFO: Imported "shop_product_5" (Media) [] []
[2021-11-14 01:28:13] merlin-logger.DEBUG: Post 838 remapped to 838 [] []
[2021-11-14 01:28:13] merlin-logger.INFO: New AJAX call! [] []
[2021-11-14 01:28:14] merlin-logger.INFO: The content import AJAX call will be executed with this import data {"title":"Content","data":"/opt/bitnami/wordpress/wp-content/uploads/2021/11/content-2021-11-14__01-25-10.xml"} []
[2021-11-14 01:28:14] merlin-logger.DEBUG: The Hello world post status was set to draft [] []
[2021-11-14 01:28:14] merlin-logger.WARNING: Failed to import elementor_library_type page [] []
[2021-11-14 01:28:14] merlin-logger.DEBUG: Invalid taxonomy. [] []
[2021-11-14 01:28:17] merlin-logger.INFO: Imported "shop_product_6" (Media) [] []
[2021-11-14 01:28:17] merlin-logger.DEBUG: Post 839 remapped to 839 [] []
[2021-11-14 01:28:20] merlin-logger.INFO: Imported "shop_product_7" (Media) [] []
[2021-11-14 01:28:20] merlin-logger.DEBUG: Post 842 remapped to 842 [] []
[2021-11-14 01:28:23] merlin-logger.INFO: Imported "shop_product_8" (Media) [] []
[2021-11-14 01:28:23] merlin-logger.DEBUG: Post 843 remapped to 843 [] []
[2021-11-14 01:28:27] merlin-logger.INFO: Imported "shop_product_9" (Media) [] []
[2021-11-14 01:28:27] merlin-logger.DEBUG: Post 844 remapped to 844 [] []
[2021-11-14 01:28:29] merlin-logger.INFO: Imported "shop_product_10" (Media) [] []
[2021-11-14 01:28:29] merlin-logger.DEBUG: Post 846 remapped to 846 [] []
[2021-11-14 01:28:32] merlin-logger.INFO: Imported "shop_product_11" (Media) [] []
[2021-11-14 01:28:32] merlin-logger.DEBUG: Post 849 remapped to 849 [] []
[2021-11-14 01:28:35] merlin-logger.INFO: Imported "shop_product_12" (Media) [] []
[2021-11-14 01:28:35] merlin-logger.DEBUG: Post 850 remapped to 850 [] []
[2021-11-14 01:28:35] merlin-logger.INFO: New AJAX call! [] []
[2021-11-14 01:28:36] merlin-logger.INFO: The content import AJAX call will be executed with this import data {"title":"Content","data":"/opt/bitnami/wordpress/wp-content/uploads/2021/11/content-2021-11-14__01-25-10.xml"} []
[2021-11-14 01:28:36] merlin-logger.DEBUG: The Hello world post status was set to draft [] []
[2021-11-14 01:28:36] merlin-logger.WARNING: Failed to import elementor_library_type page [] []
[2021-11-14 01:28:36] merlin-logger.DEBUG: Invalid taxonomy. [] []
[2021-11-14 01:28:38] merlin-logger.INFO: Imported "nokke_service_1" (Media) [] []
[2021-11-14 01:28:38] merlin-logger.DEBUG: Post 853 remapped to 853 [] []
[2021-11-14 01:28:41] merlin-logger.INFO: Imported "nokke_service_2" (Media) [] []
[2021-11-14 01:28:41] merlin-logger.DEBUG: Post 904 remapped to 904 [] []
[2021-11-14 01:28:43] merlin-logger.INFO: Imported "nokke_service_3" (Media) [] []
[2021-11-14 01:28:43] merlin-logger.DEBUG: Post 907 remapped to 907 [] []
[2021-11-14 01:28:46] merlin-logger.INFO: Imported "pexels-kampus-production-min" (Media) [] []
[2021-11-14 01:28:46] merlin-logger.DEBUG: Post 909 remapped to 909 [] []
[2021-11-14 01:28:51] merlin-logger.INFO: Imported "pexels-kampus-production-min_11.jpeg" (Media) [] []
[2021-11-14 01:28:51] merlin-logger.DEBUG: Post 910 remapped to 910 [] []
[2021-11-14 01:28:53] merlin-logger.INFO: Imported "nokke_service_4" (Media) [] []
[2021-11-14 01:28:53] merlin-logger.DEBUG: Post 922 remapped to 922 [] []
[2021-11-14 01:28:54] merlin-logger.INFO: Imported "nokke_service_5" (Media) [] []
[2021-11-14 01:28:54] merlin-logger.DEBUG: Post 923 remapped to 923 [] []
[2021-11-14 01:28:56] merlin-logger.INFO: Imported "nokke_service_6" (Media) [] []
[2021-11-14 01:28:56] merlin-logger.DEBUG: Post 924 remapped to 924 [] []
[2021-11-14 01:28:56] merlin-logger.INFO: New AJAX call! [] []
[2021-11-14 01:28:57] merlin-logger.INFO: The content import AJAX call will be executed with this import data {"title":"Content","data":"/opt/bitnami/wordpress/wp-content/uploads/2021/11/content-2021-11-14__01-25-10.xml"} []
[2021-11-14 01:28:57] merlin-logger.DEBUG: The Hello world post status was set to draft [] []
[2021-11-14 01:28:57] merlin-logger.WARNING: Failed to import elementor_library_type page [] []
[2021-11-14 01:28:57] merlin-logger.DEBUG: Invalid taxonomy. [] []
[2021-11-14 01:28:58] merlin-logger.INFO: Imported "nokke_promo_parallax_img" (Media) [] []
[2021-11-14 01:28:58] merlin-logger.DEBUG: Post 941 remapped to 941 [] []
[2021-11-14 01:28:59] merlin-logger.INFO: Imported "nokke_promo_parallax_main" (Media) [] []
[2021-11-14 01:28:59] merlin-logger.DEBUG: Post 942 remapped to 942 [] []
[2021-11-14 01:29:00] merlin-logger.INFO: Imported "nokke-testimonial-1" (Media) [] []
[2021-11-14 01:29:00] merlin-logger.DEBUG: Post 971 remapped to 971 [] []
[2021-11-14 01:29:00] merlin-logger.INFO: Imported "nokke-testimonial-2" (Media) [] []
[2021-11-14 01:29:00] merlin-logger.DEBUG: Post 972 remapped to 972 [] []
[2021-11-14 01:29:01] merlin-logger.INFO: Imported "nokke-testimonial-3" (Media) [] []
[2021-11-14 01:29:01] merlin-logger.DEBUG: Post 973 remapped to 973 [] []
[2021-11-14 01:29:02] merlin-logger.INFO: Imported "nokke-testimonial-4" (Media) [] []
[2021-11-14 01:29:02] merlin-logger.DEBUG: Post 974 remapped to 974 [] []
[2021-11-14 01:29:11] merlin-logger.INFO: Imported "nokke_cta" (Media) [] []
[2021-11-14 01:29:11] merlin-logger.DEBUG: Post 1042 remapped to 1042 [] []
[2021-11-14 01:29:14] merlin-logger.INFO: Imported "nokke_studio_hero" (Media) [] []
[2021-11-14 01:29:14] merlin-logger.DEBUG: Post 1105 remapped to 1105 [] []
[2021-11-14 01:29:17] merlin-logger.INFO: Imported "nokke_intro_img" (Media) [] []
[2021-11-14 01:29:17] merlin-logger.DEBUG: Post 1106 remapped to 1106 [] []
[2021-11-14 01:29:17] merlin-logger.INFO: Imported "arrow-down" (Media) [] []
[2021-11-14 01:29:17] merlin-logger.DEBUG: Post 1130 remapped to 1130 [] []
[2021-11-14 01:29:17] merlin-logger.INFO: New AJAX call! [] []
[2021-11-14 01:29:18] merlin-logger.INFO: The content import AJAX call will be executed with this import data {"title":"Content","data":"/opt/bitnami/wordpress/wp-content/uploads/2021/11/content-2021-11-14__01-25-10.xml"} []
[2021-11-14 01:29:18] merlin-logger.DEBUG: The Hello world post status was set to draft [] []
[2021-11-14 01:29:18] merlin-logger.WARNING: Failed to import elementor_library_type page [] []
[2021-11-14 01:29:18] merlin-logger.DEBUG: Invalid taxonomy. [] []
[2021-11-14 01:29:19] merlin-logger.INFO: Imported "nokke_icon_trello" (Media) [] []
[2021-11-14 01:29:19] merlin-logger.DEBUG: Post 1142 remapped to 1142 [] []
[2021-11-14 01:29:20] merlin-logger.INFO: Imported "nokke_icon_development" (Media) [] []
[2021-11-14 01:29:20] merlin-logger.DEBUG: Post 1146 remapped to 1146 [] []
[2021-11-14 01:29:21] merlin-logger.INFO: Imported "nokke_icon_marketing" (Media) [] []
[2021-11-14 01:29:21] merlin-logger.DEBUG: Post 1150 remapped to 1150 [] []
[2021-11-14 01:29:21] merlin-logger.INFO: Imported "nokke_icon_support" (Media) [] []
[2021-11-14 01:29:21] merlin-logger.DEBUG: Post 1151 remapped to 1151 [] []
[2021-11-14 01:29:22] merlin-logger.INFO: Imported "awwwards_logo" (Media) [] []
[2021-11-14 01:29:22] merlin-logger.DEBUG: Post 1216 remapped to 1216 [] []
[2021-11-14 01:29:23] merlin-logger.INFO: Imported "awwwards_logo_2" (Media) [] []
[2021-11-14 01:29:23] merlin-logger.DEBUG: Post 1218 remapped to 1218 [] []
[2021-11-14 01:29:24] merlin-logger.INFO: Imported "awwwards_logo_3" (Media) [] []
[2021-11-14 01:29:24] merlin-logger.DEBUG: Post 1219 remapped to 1219 [] []
[2021-11-14 01:29:26] merlin-logger.INFO: Imported "nokke_cta_base" (Media) [] []
[2021-11-14 01:29:26] merlin-logger.DEBUG: Post 1262 remapped to 1262 [] []
[2021-11-14 01:29:29] merlin-logger.INFO: Imported "nokke_shop_hero_1" (Media) [] []
[2021-11-14 01:29:29] merlin-logger.DEBUG: Post 1291 remapped to 1291 [] []
[2021-11-14 01:29:31] merlin-logger.INFO: Imported "nokke_shop_hero_2" (Media) [] []
[2021-11-14 01:29:31] merlin-logger.DEBUG: Post 1292 remapped to 1292 [] []
[2021-11-14 01:29:34] merlin-logger.INFO: Imported "nokke_shop_hero_3" (Media) [] []
[2021-11-14 01:29:34] merlin-logger.DEBUG: Post 1293 remapped to 1293 [] []
[2021-11-14 01:29:35] merlin-logger.INFO: Imported "ecommerce_partner_logo_1" (Media) [] []
[2021-11-14 01:29:35] merlin-logger.DEBUG: Post 1453 remapped to 1453 [] []
[2021-11-14 01:29:36] merlin-logger.INFO: Imported "ecommerce_partner_logo_2" (Media) [] []
[2021-11-14 01:29:36] merlin-logger.DEBUG: Post 1454 remapped to 1454 [] []
[2021-11-14 01:29:37] merlin-logger.INFO: Imported "ecommerce_partner_logo_3" (Media) [] []
[2021-11-14 01:29:37] merlin-logger.DEBUG: Post 1455 remapped to 1455 [] []
[2021-11-14 01:29:37] merlin-logger.INFO: Imported "ecommerce_partner_logo_4" (Media) [] []
[2021-11-14 01:29:37] merlin-logger.DEBUG: Post 1456 remapped to 1456 [] []
[2021-11-14 01:29:38] merlin-logger.INFO: Imported "ecommerce_partner_logo_5" (Media) [] []
[2021-11-14 01:29:38] merlin-logger.DEBUG: Post 1457 remapped to 1457 [] []
[2021-11-14 01:29:38] merlin-logger.INFO: New AJAX call! [] []
[2021-11-14 01:29:39] merlin-logger.INFO: The content import AJAX call will be executed with this import data {"title":"Content","data":"/opt/bitnami/wordpress/wp-content/uploads/2021/11/content-2021-11-14__01-25-10.xml"} []
[2021-11-14 01:29:39] merlin-logger.DEBUG: The Hello world post status was set to draft [] []
[2021-11-14 01:29:39] merlin-logger.WARNING: Failed to import elementor_library_type page [] []
[2021-11-14 01:29:39] merlin-logger.DEBUG: Invalid taxonomy. [] []
[2021-11-14 01:29:41] merlin-logger.INFO: Imported "tp_vid_clouds-2.mp4" (Media) [] []
[2021-11-14 01:29:41] merlin-logger.DEBUG: Post 1537 remapped to 1537 [] []
[2021-11-14 01:29:46] merlin-logger.INFO: Imported "nokke_interior_slide_1" (Media) [] []
[2021-11-14 01:29:46] merlin-logger.DEBUG: Post 1542 remapped to 1542 [] []
[2021-11-14 01:29:51] merlin-logger.INFO: Imported "nokke_interior_slide_2" (Media) [] []
[2021-11-14 01:29:51] merlin-logger.DEBUG: Post 1543 remapped to 1543 [] []
[2021-11-14 01:29:56] merlin-logger.INFO: Imported "nokke_interior_slide_3" (Media) [] []
[2021-11-14 01:29:56] merlin-logger.DEBUG: Post 1544 remapped to 1544 [] []
[2021-11-14 01:30:01] merlin-logger.INFO: Imported "nokke_interior_slide_4" (Media) [] []
[2021-11-14 01:30:01] merlin-logger.DEBUG: Post 1545 remapped to 1545 [] []
[2021-11-14 01:30:01] merlin-logger.INFO: New AJAX call! [] []
[2021-11-14 01:30:01] merlin-logger.INFO: The content import AJAX call will be executed with this import data {"title":"Content","data":"/opt/bitnami/wordpress/wp-content/uploads/2021/11/content-2021-11-14__01-25-10.xml"} []
[2021-11-14 01:30:01] merlin-logger.DEBUG: The Hello world post status was set to draft [] []
[2021-11-14 01:30:01] merlin-logger.WARNING: Failed to import elementor_library_type page [] []
[2021-11-14 01:30:01] merlin-logger.DEBUG: Invalid taxonomy. [] []
[2021-11-14 01:30:04] merlin-logger.INFO: Imported "mega_menu_banner" (Media) [] []
[2021-11-14 01:30:04] merlin-logger.DEBUG: Post 1648 remapped to 1648 [] []
[2021-11-14 01:30:06] merlin-logger.INFO: Imported "nokke_about" (Media) [] []
[2021-11-14 01:30:06] merlin-logger.DEBUG: Post 1666 remapped to 1666 [] []
[2021-11-14 01:30:16] merlin-logger.ERROR: Failed to import "nokke_testimonial_large" (Media) [] []
[2021-11-14 01:30:16] merlin-logger.DEBUG: cURL error 28: Resolving timed out after 10000 milliseconds [] []
[2021-11-14 01:30:25] merlin-logger.INFO: Imported "quote" (Media) [] []
[2021-11-14 01:30:25] merlin-logger.DEBUG: Post 1670 remapped to 1670 [] []
[2021-11-14 01:30:25] merlin-logger.INFO: New AJAX call! [] []
[2021-11-14 01:30:25] merlin-logger.INFO: The content import AJAX call will be executed with this import data {"title":"Content","data":"/opt/bitnami/wordpress/wp-content/uploads/2021/11/content-2021-11-14__01-25-10.xml"} []
[2021-11-14 01:30:25] merlin-logger.DEBUG: The Hello world post status was set to draft [] []
[2021-11-14 01:30:25] merlin-logger.WARNING: Failed to import elementor_library_type page [] []
[2021-11-14 01:30:25] merlin-logger.DEBUG: Invalid taxonomy. [] []
[2021-11-14 01:30:33] merlin-logger.INFO: Imported "nokke_testimonial_large" (Media) [] []
[2021-11-14 01:30:33] merlin-logger.DEBUG: Post 1669 remapped to 1669 [] []
[2021-11-14 01:30:33] merlin-logger.WARNING: Failed to import "Default Kit": Invalid post type elementor_library [] []
[2021-11-14 01:30:33] merlin-logger.WARNING: Failed to import "Newsletter": Invalid post type mc4wp-form [] []
[2021-11-14 01:30:33] merlin-logger.WARNING: Failed to import "Default Kit": Invalid post type elementor_library [] []
[2021-11-14 01:30:33] merlin-logger.INFO: Imported "Terms and conditions" (Navigation Menu Item) [] []
[2021-11-14 01:30:33] merlin-logger.DEBUG: Post 1671 remapped to 1671 [] []
[2021-11-14 01:30:33] merlin-logger.DEBUG: Processing menu item custom [] []
[2021-11-14 01:30:33] merlin-logger.DEBUG: Menu item 1671 mapped to 1671 [] []
[2021-11-14 01:30:34] merlin-logger.INFO: Imported "Privacy policy" (Navigation Menu Item) [] []
[2021-11-14 01:30:34] merlin-logger.DEBUG: Post 1672 remapped to 1672 [] []
[2021-11-14 01:30:34] merlin-logger.DEBUG: Processing menu item custom [] []
[2021-11-14 01:30:34] merlin-logger.DEBUG: Menu item 1672 mapped to 1672 [] []
[2021-11-14 01:30:43] merlin-logger.INFO: Imported "nokke_single_project_fullwidth_image" (Media) [] []
[2021-11-14 01:30:43] merlin-logger.DEBUG: Post 1761 remapped to 1761 [] []
[2021-11-14 01:30:48] merlin-logger.INFO: Imported "nokke_single_project_before" (Media) [] []
[2021-11-14 01:30:48] merlin-logger.DEBUG: Post 1785 remapped to 1785 [] []
[2021-11-14 01:30:48] merlin-logger.INFO: New AJAX call! [] []
[2021-11-14 01:30:50] merlin-logger.INFO: The content import AJAX call will be executed with this import data {"title":"Content","data":"/opt/bitnami/wordpress/wp-content/uploads/2021/11/content-2021-11-14__01-25-10.xml"} []
[2021-11-14 01:30:50] merlin-logger.DEBUG: The Hello world post status was set to draft [] []
[2021-11-14 01:30:50] merlin-logger.WARNING: Failed to import elementor_library_type page [] []
[2021-11-14 01:30:50] merlin-logger.DEBUG: Invalid taxonomy. [] []
[2021-11-14 01:30:51] merlin-logger.WARNING: Failed to import "Default Kit": Invalid post type elementor_library [] []
[2021-11-14 01:30:51] merlin-logger.WARNING: Failed to import "Newsletter": Invalid post type mc4wp-form [] []
[2021-11-14 01:30:51] merlin-logger.WARNING: Failed to import "Default Kit": Invalid post type elementor_library [] []
[2021-11-14 01:30:58] merlin-logger.INFO: Imported "nokke_single_project_after" (Media) [] []
[2021-11-14 01:30:58] merlin-logger.DEBUG: Post 1790 remapped to 1790 [] []
[2021-11-14 01:31:01] merlin-logger.INFO: Imported "nokke_services_page_title" (Media) [] []
[2021-11-14 01:31:01] merlin-logger.DEBUG: Post 1863 remapped to 1863 [] []
[2021-11-14 01:31:05] merlin-logger.INFO: Imported "nokke_services_promo" (Media) [] []
[2021-11-14 01:31:05] merlin-logger.DEBUG: Post 1880 remapped to 1880 [] []
[2021-11-14 01:31:05] merlin-logger.INFO: Imported "Pages" (Navigation Menu Item) [] []
[2021-11-14 01:31:05] merlin-logger.DEBUG: Post 1881 remapped to 1881 [] []
[2021-11-14 01:31:05] merlin-logger.DEBUG: Processing menu item custom [] []
[2021-11-14 01:31:05] merlin-logger.DEBUG: Menu item 1881 mapped to 1881 [] []
[2021-11-14 01:31:05] merlin-logger.INFO: Imported "Page 404" (Navigation Menu Item) [] []
[2021-11-14 01:31:05] merlin-logger.DEBUG: Post 1882 remapped to 1882 [] []
[2021-11-14 01:31:05] merlin-logger.DEBUG: Processing menu item custom [] []
[2021-11-14 01:31:05] merlin-logger.DEBUG: Menu item 1882 mapped to 1882 [] []
[2021-11-14 01:31:05] merlin-logger.INFO: Imported "" (Navigation Menu Item) [] []
[2021-11-14 01:31:05] merlin-logger.DEBUG: Post 2004 remapped to 2004 [] []
[2021-11-14 01:31:05] merlin-logger.DEBUG: Processing menu item post_type [] []
[2021-11-14 01:31:05] merlin-logger.INFO: Imported "" (Navigation Menu Item) [] []
[2021-11-14 01:31:05] merlin-logger.DEBUG: Post 2005 remapped to 2005 [] []
[2021-11-14 01:31:05] merlin-logger.DEBUG: Processing menu item post_type [] []
[2021-11-14 01:31:05] merlin-logger.INFO: Imported "" (Navigation Menu Item) [] []
[2021-11-14 01:31:05] merlin-logger.DEBUG: Post 2006 remapped to 2006 [] []
[2021-11-14 01:31:05] merlin-logger.DEBUG: Processing menu item post_type [] []
[2021-11-14 01:31:05] merlin-logger.INFO: Imported "" (Navigation Menu Item) [] []
[2021-11-14 01:31:05] merlin-logger.DEBUG: Post 2008 remapped to 2008 [] []
[2021-11-14 01:31:05] merlin-logger.DEBUG: Processing menu item post_type [] []
[2021-11-14 01:31:05] merlin-logger.INFO: Imported "Single Post" (Navigation Menu Item) [] []
[2021-11-14 01:31:05] merlin-logger.DEBUG: Post 2009 remapped to 2009 [] []
[2021-11-14 01:31:05] merlin-logger.DEBUG: Processing menu item post_type [] []
[2021-11-14 01:31:05] merlin-logger.INFO: Imported "Blog Default" (Navigation Menu Item) [] []
[2021-11-14 01:31:05] merlin-logger.DEBUG: Post 2010 remapped to 2010 [] []
[2021-11-14 01:31:06] merlin-logger.DEBUG: Processing menu item post_type [] []
[2021-11-14 01:31:07] merlin-logger.INFO: Imported "cropped-favicon-1.png" (Media) [] []
[2021-11-14 01:31:07] merlin-logger.DEBUG: Post 2025 remapped to 2025 [] []
[2021-11-14 01:31:07] merlin-logger.INFO: Imported "Try Pro" (Navigation Menu Item) [] []
[2021-11-14 01:31:07] merlin-logger.DEBUG: Post 2031 remapped to 2031 [] []
[2021-11-14 01:31:07] merlin-logger.DEBUG: Processing menu item custom [] []
[2021-11-14 01:31:07] merlin-logger.DEBUG: Menu item 2031 mapped to 2031 [] []
[2021-11-14 01:31:07] merlin-logger.INFO: Imported "Hello world!" (Post) [] []
[2021-11-14 01:31:07] merlin-logger.DEBUG: Post 1 remapped to 2032 [] []
[2021-11-14 01:31:07] merlin-logger.INFO: Imported "Services" (Page) [] []
[2021-11-14 01:31:07] merlin-logger.DEBUG: Post 34 remapped to 34 [] []
[2021-11-14 01:31:07] merlin-logger.INFO: Imported "About" (Page) [] []
[2021-11-14 01:31:07] merlin-logger.DEBUG: Post 38 remapped to 38 [] []
[2021-11-14 01:31:07] merlin-logger.INFO: Imported "Blog" (Page) [] []
[2021-11-14 01:31:07] merlin-logger.DEBUG: Post 40 remapped to 40 [] []
[2021-11-14 01:31:07] merlin-logger.INFO: Imported "Contact" (Page) [] []
[2021-11-14 01:31:07] merlin-logger.DEBUG: Post 42 remapped to 42 [] []
[2021-11-14 01:31:07] merlin-logger.INFO: Imported "So you want to be an entrepreneur?" (Post) [] []
[2021-11-14 01:31:07] merlin-logger.DEBUG: Post 56 remapped to 56 [] []
[2021-11-14 01:31:07] merlin-logger.INFO: Imported "11 Mindset Traits of Successful Entrepreneurs" (Post) [] []
[2021-11-14 01:31:07] merlin-logger.DEBUG: Post 60 remapped to 60 [] []
[2021-11-14 01:31:07] merlin-logger.INFO: Imported "Home" (Page) [] []
[2021-11-14 01:31:07] merlin-logger.DEBUG: Post 67 remapped to 67 [] []
[2021-11-14 01:31:08] merlin-logger.INFO: Imported "Why Losing Nearly Everything Was the Best Thing" (Post) [] []
[2021-11-14 01:31:08] merlin-logger.DEBUG: Post 69 remapped to 69 [] []
[2021-11-14 01:31:08] merlin-logger.INFO: Imported "Utilize these nine resources" (Post) [] []
[2021-11-14 01:31:08] merlin-logger.DEBUG: Post 72 remapped to 72 [] []
[2021-11-14 01:31:08] merlin-logger.INFO: Imported "Alone in the forest" (Post) [] []
[2021-11-14 01:31:08] merlin-logger.DEBUG: Post 75 remapped to 75 [] []
[2021-11-14 01:31:08] merlin-logger.INFO: Imported "24 More Inspirational Quotes" (Post) [] []
[2021-11-14 01:31:08] merlin-logger.DEBUG: Post 78 remapped to 78 [] []
[2021-11-14 01:31:08] merlin-logger.INFO: Imported "Simple Minimalist Office Setup" (Post) [] []
[2021-11-14 01:31:08] merlin-logger.DEBUG: Post 81 remapped to 81 [] []
[2021-11-14 01:31:08] merlin-logger.INFO: Imported "Never Feel Guilty for Following Your Dreams" (Post) [] []
[2021-11-14 01:31:08] merlin-logger.DEBUG: Post 84 remapped to 84 [] []
[2021-11-14 01:31:08] merlin-logger.INFO: Imported "How To Choose Good Camera" (Post) [] []
[2021-11-14 01:31:08] merlin-logger.DEBUG: Post 87 remapped to 87 [] []
[2021-11-14 01:31:08] merlin-logger.INFO: Imported "Trip To a Beautiful Switzerland" (Post) [] []
[2021-11-14 01:31:08] merlin-logger.DEBUG: Post 90 remapped to 90 [] []
[2021-11-14 01:31:08] merlin-logger.INFO: Imported "Nokke Contact Form" (Contact Form) [] []
[2021-11-14 01:31:08] merlin-logger.DEBUG: Post 788 remapped to 788 [] []
[2021-11-14 01:31:09] merlin-logger.INFO: Imported "Blog Masonry" (Page) [] []
[2021-11-14 01:31:09] merlin-logger.DEBUG: Post 1995 remapped to 1995 [] []
[2021-11-14 01:31:09] merlin-logger.INFO: Imported "" (Navigation Menu Item) [] []
[2021-11-14 01:31:09] merlin-logger.DEBUG: Post 2048 remapped to 2048 [] []
[2021-11-14 01:31:09] merlin-logger.DEBUG: Processing menu item post_type [] []
[2021-11-14 01:31:09] merlin-logger.DEBUG: Menu item 67 mapped to 67 [] []
[2021-11-14 01:31:09] merlin-logger.DEBUG: Running post-processing for post 16 [] []
[2021-11-14 01:31:09] merlin-logger.WARNING: Could not find the author for "favicon" (post #16) [] []
[2021-11-14 01:31:09] merlin-logger.DEBUG: Post 16 was imported with author "peipr", but could not be found [] []
[2021-11-14 01:31:09] merlin-logger.DEBUG: Post 16 was marked for post-processing, but none was required. [] []
[2021-11-14 01:31:09] merlin-logger.DEBUG: Running post-processing for post 49 [] []
[2021-11-14 01:31:09] merlin-logger.WARNING: Could not find the author for "logo_dark@2x" (post #49) [] []
[2021-11-14 01:31:09] merlin-logger.DEBUG: Post 49 was imported with author "peipr", but could not be found [] []
[2021-11-14 01:31:09] merlin-logger.DEBUG: Post 49 was marked for post-processing, but none was required. [] []
[2021-11-14 01:31:09] merlin-logger.DEBUG: Running post-processing for post 57 [] []
[2021-11-14 01:31:09] merlin-logger.WARNING: Could not find the author for "blog_post_1-min" (post #57) [] []
[2021-11-14 01:31:09] merlin-logger.DEBUG: Post 57 was imported with author "peipr", but could not be found [] []
[2021-11-14 01:31:09] merlin-logger.DEBUG: Running post-processing for post 17 [] []
[2021-11-14 01:31:09] merlin-logger.WARNING: Could not find the author for "cropped-favicon.png" (post #17) [] []
[2021-11-14 01:31:09] merlin-logger.DEBUG: Post 17 was imported with author "peipr", but could not be found [] []
[2021-11-14 01:31:09] merlin-logger.DEBUG: Post 17 was marked for post-processing, but none was required. [] []
[2021-11-14 01:31:09] merlin-logger.DEBUG: Running post-processing for post 58 [] []
[2021-11-14 01:31:09] merlin-logger.WARNING: Could not find the author for "blog_post_10" (post #58) [] []
[2021-11-14 01:31:09] merlin-logger.DEBUG: Post 58 was imported with author "peipr", but could not be found [] []
[2021-11-14 01:31:09] merlin-logger.DEBUG: Running post-processing for post 61 [] []
[2021-11-14 01:31:09] merlin-logger.WARNING: Could not find the author for "blog_post_2-min" (post #61) [] []
[2021-11-14 01:31:09] merlin-logger.DEBUG: Post 61 was imported with author "peipr", but could not be found [] []
[2021-11-14 01:31:09] merlin-logger.DEBUG: Running post-processing for post 63 [] []
[2021-11-14 01:31:09] merlin-logger.WARNING: Could not find the author for "woocommerce-placeholder" (post #63) [] []
[2021-11-14 01:31:09] merlin-logger.DEBUG: Post 63 was imported with author "peipr", but could not be found [] []
[2021-11-14 01:31:09] merlin-logger.DEBUG: Post 63 was marked for post-processing, but none was required. [] []
[2021-11-14 01:31:09] merlin-logger.DEBUG: Running post-processing for post 70 [] []
[2021-11-14 01:31:09] merlin-logger.WARNING: Could not find the author for "blog_post_3" (post #70) [] []
[2021-11-14 01:31:09] merlin-logger.DEBUG: Post 70 was imported with author "peipr", but could not be found [] []
[2021-11-14 01:31:09] merlin-logger.DEBUG: Running post-processing for post 73 [] []
[2021-11-14 01:31:09] merlin-logger.WARNING: Could not find the author for "blog_post_4" (post #73) [] []
[2021-11-14 01:31:09] merlin-logger.DEBUG: Post 73 was imported with author "peipr", but could not be found [] []
[2021-11-14 01:31:09] merlin-logger.DEBUG: Running post-processing for post 76 [] []
[2021-11-14 01:31:09] merlin-logger.WARNING: Could not find the author for "blog_post_5" (post #76) [] []
[2021-11-14 01:31:09] merlin-logger.DEBUG: Post 76 was imported with author "peipr", but could not be found [] []
[2021-11-14 01:31:09] merlin-logger.DEBUG: Running post-processing for post 79 [] []
[2021-11-14 01:31:09] merlin-logger.WARNING: Could not find the author for "blog_post_6" (post #79) [] []
[2021-11-14 01:31:09] merlin-logger.DEBUG: Post 79 was imported with author "peipr", but could not be found [] []
[2021-11-14 01:31:09] merlin-logger.DEBUG: Running post-processing for post 82 [] []
[2021-11-14 01:31:09] merlin-logger.WARNING: Could not find the author for "blog_post_7" (post #82) [] []
[2021-11-14 01:31:09] merlin-logger.DEBUG: Post 82 was imported with author "peipr", but could not be found [] []
[2021-11-14 01:31:09] merlin-logger.DEBUG: Running post-processing for post 85 [] []
[2021-11-14 01:31:09] merlin-logger.WARNING: Could not find the author for "blog_post_8" (post #85) [] []
[2021-11-14 01:31:09] merlin-logger.DEBUG: Post 85 was imported with author "peipr", but could not be found [] []
[2021-11-14 01:31:09] merlin-logger.DEBUG: Running post-processing for post 88 [] []
[2021-11-14 01:31:09] merlin-logger.WARNING: Could not find the author for "blog_post_9" (post #88) [] []
[2021-11-14 01:31:09] merlin-logger.DEBUG: Post 88 was imported with author "peipr", but could not be found [] []
[2021-11-14 01:31:09] merlin-logger.DEBUG: Running post-processing for post 91 [] []
[2021-11-14 01:31:09] merlin-logger.WARNING: Could not find the author for "blog_post_10" (post #91) [] []
[2021-11-14 01:31:09] merlin-logger.DEBUG: Post 91 was imported with author "peipr", but could not be found [] []
[2021-11-14 01:31:09] merlin-logger.DEBUG: Running post-processing for post 102 [] []
[2021-11-14 01:31:09] merlin-logger.WARNING: Could not find the author for "nokke_hero-min" (post #102) [] []
[2021-11-14 01:31:09] merlin-logger.DEBUG: Post 102 was imported with author "peipr", but could not be found [] []
[2021-11-14 01:31:09] merlin-logger.DEBUG: Post 102 was marked for post-processing, but none was required. [] []
[2021-11-14 01:31:09] merlin-logger.DEBUG: Running post-processing for post 122 [] []
[2021-11-14 01:31:09] merlin-logger.WARNING: Could not find the author for "logo_dark" (post #122) [] []
[2021-11-14 01:31:09] merlin-logger.DEBUG: Post 122 was imported with author "peipr", but could not be found [] []
[2021-11-14 01:31:09] merlin-logger.DEBUG: Post 122 was marked for post-processing, but none was required. [] []
[2021-11-14 01:31:09] merlin-logger.DEBUG: Running post-processing for post 132 [] []
[2021-11-14 01:31:09] merlin-logger.WARNING: Could not find the author for "logo" (post #132) [] []
[2021-11-14 01:31:09] merlin-logger.DEBUG: Post 132 was imported with author "peipr", but could not be found [] []
[2021-11-14 01:31:09] merlin-logger.DEBUG: Post 132 was marked for post-processing, but none was required. [] []
[2021-11-14 01:31:09] merlin-logger.DEBUG: Running post-processing for post 133 [] []
[2021-11-14 01:31:09] merlin-logger.WARNING: Could not find the author for "logo@2x" (post #133) [] []
[2021-11-14 01:31:09] merlin-logger.DEBUG: Post 133 was imported with author "peipr", but could not be found [] []
[2021-11-14 01:31:09] merlin-logger.DEBUG: Post 133 was marked for post-processing, but none was required. [] []
[2021-11-14 01:31:09] merlin-logger.DEBUG: Running post-processing for post 293 [] []
[2021-11-14 01:31:09] merlin-logger.WARNING: Could not find the author for "nokke_project_8" (post #293) [] []
[2021-11-14 01:31:09] merlin-logger.DEBUG: Post 293 was imported with author "peipr", but could not be found [] []
[2021-11-14 01:31:09] merlin-logger.DEBUG: Post 293 was marked for post-processing, but none was required. [] []
[2021-11-14 01:31:09] merlin-logger.DEBUG: Running post-processing for post 315 [] []
[2021-11-14 01:31:09] merlin-logger.WARNING: Could not find the author for "nokke_project_7" (post #315) [] []
[2021-11-14 01:31:09] merlin-logger.DEBUG: Post 315 was imported with author "peipr", but could not be found [] []
[2021-11-14 01:31:09] merlin-logger.DEBUG: Post 315 was marked for post-processing, but none was required. [] []
[2021-11-14 01:31:09] merlin-logger.DEBUG: Running post-processing for post 324 [] []
[2021-11-14 01:31:09] merlin-logger.WARNING: Could not find the author for "nokke_project_6" (post #324) [] []
[2021-11-14 01:31:09] merlin-logger.DEBUG: Post 324 was imported with author "peipr", but could not be found [] []
[2021-11-14 01:31:09] merlin-logger.DEBUG: Post 324 was marked for post-processing, but none was required. [] []
[2021-11-14 01:31:09] merlin-logger.DEBUG: Running post-processing for post 351 [] []
[2021-11-14 01:31:09] merlin-logger.WARNING: Could not find the author for "nokke_project_12" (post #351) [] []
[2021-11-14 01:31:09] merlin-logger.DEBUG: Post 351 was imported with author "peipr", but could not be found [] []
[2021-11-14 01:31:09] merlin-logger.DEBUG: Post 351 was marked for post-processing, but none was required. [] []
[2021-11-14 01:31:09] merlin-logger.DEBUG: Running post-processing for post 363 [] []
[2021-11-14 01:31:09] merlin-logger.WARNING: Could not find the author for "nokke_project_11" (post #363) [] []
[2021-11-14 01:31:09] merlin-logger.DEBUG: Post 363 was imported with author "peipr", but could not be found [] []
[2021-11-14 01:31:09] merlin-logger.DEBUG: Post 363 was marked for post-processing, but none was required. [] []
[2021-11-14 01:31:09] merlin-logger.DEBUG: Running post-processing for post 366 [] []
[2021-11-14 01:31:09] merlin-logger.WARNING: Could not find the author for "nokke_project_10" (post #366) [] []
[2021-11-14 01:31:09] merlin-logger.DEBUG: Post 366 was imported with author "peipr", but could not be found [] []
[2021-11-14 01:31:09] merlin-logger.DEBUG: Post 366 was marked for post-processing, but none was required. [] []
[2021-11-14 01:31:09] merlin-logger.DEBUG: Running post-processing for post 369 [] []
[2021-11-14 01:31:09] merlin-logger.WARNING: Could not find the author for "nokke_project_9" (post #369) [] []
[2021-11-14 01:31:09] merlin-logger.DEBUG: Post 369 was imported with author "peipr", but could not be found [] []
[2021-11-14 01:31:09] merlin-logger.DEBUG: Post 369 was marked for post-processing, but none was required. [] []
[2021-11-14 01:31:09] merlin-logger.DEBUG: Running post-processing for post 373 [] []
[2021-11-14 01:31:09] merlin-logger.WARNING: Could not find the author for "nokke_project_1" (post #373) [] []
[2021-11-14 01:31:09] merlin-logger.DEBUG: Post 373 was imported with author "peipr", but could not be found [] []
[2021-11-14 01:31:09] merlin-logger.DEBUG: Post 373 was marked for post-processing, but none was required. [] []
[2021-11-14 01:31:09] merlin-logger.DEBUG: Running post-processing for post 374 [] []
[2021-11-14 01:31:09] merlin-logger.WARNING: Could not find the author for "nokke_project_2" (post #374) [] []
[2021-11-14 01:31:09] merlin-logger.DEBUG: Post 374 was imported with author "peipr", but could not be found [] []
[2021-11-14 01:31:09] merlin-logger.DEBUG: Post 374 was marked for post-processing, but none was required. [] []
[2021-11-14 01:31:09] merlin-logger.DEBUG: Running post-processing for post 375 [] []
[2021-11-14 01:31:09] merlin-logger.WARNING: Could not find the author for "nokke_project_3" (post #375) [] []
[2021-11-14 01:31:09] merlin-logger.DEBUG: Post 375 was imported with author "peipr", but could not be found [] []
[2021-11-14 01:31:09] merlin-logger.DEBUG: Post 375 was marked for post-processing, but none was required. [] []
[2021-11-14 01:31:09] merlin-logger.DEBUG: Running post-processing for post 376 [] []
[2021-11-14 01:31:09] merlin-logger.WARNING: Could not find the author for "nokke_project_4" (post #376) [] []
[2021-11-14 01:31:09] merlin-logger.DEBUG: Post 376 was imported with author "peipr", but could not be found [] []
[2021-11-14 01:31:09] merlin-logger.DEBUG: Post 376 was marked for post-processing, but none was required. [] []
[2021-11-14 01:31:09] merlin-logger.DEBUG: Running post-processing for post 378 [] []
[2021-11-14 01:31:09] merlin-logger.WARNING: Could not find the author for "nokke_project_5" (post #378) [] []
[2021-11-14 01:31:09] merlin-logger.DEBUG: Post 378 was imported with author "peipr", but could not be found [] []
[2021-11-14 01:31:09] merlin-logger.DEBUG: Post 378 was marked for post-processing, but none was required. [] []
[2021-11-14 01:31:09] merlin-logger.DEBUG: Running post-processing for post 408 [] []
[2021-11-14 01:31:09] merlin-logger.WARNING: Could not find the author for "nokke_promo_slide_1" (post #408) [] []
[2021-11-14 01:31:09] merlin-logger.DEBUG: Post 408 was imported with author "peipr", but could not be found [] []
[2021-11-14 01:31:09] merlin-logger.DEBUG: Running post-processing for post 451 [] []
[2021-11-14 01:31:09] merlin-logger.WARNING: Could not find the author for "nokke_promo_slide_2" (post #451) [] []
[2021-11-14 01:31:09] merlin-logger.DEBUG: Post 451 was imported with author "peipr", but could not be found [] []
[2021-11-14 01:31:09] merlin-logger.DEBUG: Running post-processing for post 452 [] []
[2021-11-14 01:31:09] merlin-logger.WARNING: Could not find the author for "nokke_promo_slide_3" (post #452) [] []
[2021-11-14 01:31:09] merlin-logger.DEBUG: Post 452 was imported with author "peipr", but could not be found [] []
[2021-11-14 01:31:09] merlin-logger.DEBUG: Running post-processing for post 553 [] []
[2021-11-14 01:31:09] merlin-logger.WARNING: Could not find the author for "nokke_process" (post #553) [] []
[2021-11-14 01:31:09] merlin-logger.DEBUG: Post 553 was imported with author "peipr", but could not be found [] []
[2021-11-14 01:31:09] merlin-logger.DEBUG: Running post-processing for post 563 [] []
[2021-11-14 01:31:09] merlin-logger.WARNING: Could not find the author for "nokke_team_1" (post #563) [] []
[2021-11-14 01:31:09] merlin-logger.DEBUG: Post 563 was imported with author "peipr", but could not be found [] []
[2021-11-14 01:31:09] merlin-logger.DEBUG: Running post-processing for post 564 [] []
[2021-11-14 01:31:09] merlin-logger.WARNING: Could not find the author for "nokke_team_2" (post #564) [] []
[2021-11-14 01:31:09] merlin-logger.DEBUG: Post 564 was imported with author "peipr", but could not be found [] []
[2021-11-14 01:31:09] merlin-logger.DEBUG: Running post-processing for post 565 [] []
[2021-11-14 01:31:09] merlin-logger.WARNING: Could not find the author for "nokke_team_3" (post #565) [] []
[2021-11-14 01:31:09] merlin-logger.DEBUG: Post 565 was imported with author "peipr", but could not be found [] []
[2021-11-14 01:31:09] merlin-logger.DEBUG: Running post-processing for post 731 [] []
[2021-11-14 01:31:09] merlin-logger.WARNING: Could not find the author for "nokke_testimonials_bg" (post #731) [] []
[2021-11-14 01:31:09] merlin-logger.DEBUG: Post 731 was imported with author "peipr", but could not be found [] []
[2021-11-14 01:31:09] merlin-logger.DEBUG: Running post-processing for post 775 [] []
[2021-11-14 01:31:09] merlin-logger.WARNING: Could not find the author for "client_logo_1" (post #775) [] []
[2021-11-14 01:31:09] merlin-logger.DEBUG: Post 775 was imported with author "peipr", but could not be found [] []
[2021-11-14 01:31:09] merlin-logger.DEBUG: Running post-processing for post 776 [] []
[2021-11-14 01:31:09] merlin-logger.WARNING: Could not find the author for "client_logo_2" (post #776) [] []
[2021-11-14 01:31:09] merlin-logger.DEBUG: Post 776 was imported with author "peipr", but could not be found [] []
[2021-11-14 01:31:09] merlin-logger.DEBUG: Running post-processing for post 777 [] []
[2021-11-14 01:31:09] merlin-logger.WARNING: Could not find the author for "client_logo_3" (post #777) [] []
[2021-11-14 01:31:09] merlin-logger.DEBUG: Post 777 was imported with author "peipr", but could not be found [] []
[2021-11-14 01:31:09] merlin-logger.DEBUG: Running post-processing for post 778 [] []
[2021-11-14 01:31:09] merlin-logger.WARNING: Could not find the author for "client_logo_4" (post #778) [] []
[2021-11-14 01:31:09] merlin-logger.DEBUG: Post 778 was imported with author "peipr", but could not be found [] []
[2021-11-14 01:31:09] merlin-logger.DEBUG: Running post-processing for post 779 [] []
[2021-11-14 01:31:09] merlin-logger.WARNING: Could not find the author for "client_logo_5" (post #779) [] []
[2021-11-14 01:31:09] merlin-logger.DEBUG: Post 779 was imported with author "peipr", but could not be found [] []
[2021-11-14 01:31:09] merlin-logger.DEBUG: Running post-processing for post 780 [] []
[2021-11-14 01:31:09] merlin-logger.WARNING: Could not find the author for "client_logo_6" (post #780) [] []
[2021-11-14 01:31:09] merlin-logger.DEBUG: Post 780 was imported with author "peipr", but could not be found [] []
[2021-11-14 01:31:09] merlin-logger.DEBUG: Running post-processing for post 831 [] []
[2021-11-14 01:31:09] merlin-logger.WARNING: Could not find the author for "shop_product_1" (post #831) [] []
[2021-11-14 01:31:09] merlin-logger.DEBUG: Post 831 was imported with author "peipr", but could not be found [] []
[2021-11-14 01:31:09] merlin-logger.DEBUG: Post 831 was marked for post-processing, but none was required. [] []
[2021-11-14 01:31:09] merlin-logger.DEBUG: Running post-processing for post 835 [] []
[2021-11-14 01:31:09] merlin-logger.WARNING: Could not find the author for "shop_product_2" (post #835) [] []
[2021-11-14 01:31:09] merlin-logger.DEBUG: Post 835 was imported with author "peipr", but could not be found [] []
[2021-11-14 01:31:09] merlin-logger.DEBUG: Post 835 was marked for post-processing, but none was required. [] []
[2021-11-14 01:31:09] merlin-logger.DEBUG: Running post-processing for post 836 [] []
[2021-11-14 01:31:09] merlin-logger.WARNING: Could not find the author for "shop_product_3" (post #836) [] []
[2021-11-14 01:31:09] merlin-logger.DEBUG: Post 836 was imported with author "peipr", but could not be found [] []
[2021-11-14 01:31:09] merlin-logger.DEBUG: Post 836 was marked for post-processing, but none was required. [] []
[2021-11-14 01:31:09] merlin-logger.DEBUG: Running post-processing for post 837 [] []
[2021-11-14 01:31:09] merlin-logger.WARNING: Could not find the author for "shop_product_4" (post #837) [] []
[2021-11-14 01:31:09] merlin-logger.DEBUG: Post 837 was imported with author "peipr", but could not be found [] []
[2021-11-14 01:31:09] merlin-logger.DEBUG: Post 837 was marked for post-processing, but none was required. [] []
[2021-11-14 01:31:09] merlin-logger.DEBUG: Running post-processing for post 838 [] []
[2021-11-14 01:31:09] merlin-logger.WARNING: Could not find the author for "shop_product_5" (post #838) [] []
[2021-11-14 01:31:09] merlin-logger.DEBUG: Post 838 was imported with author "peipr", but could not be found [] []
[2021-11-14 01:31:09] merlin-logger.DEBUG: Post 838 was marked for post-processing, but none was required. [] []
[2021-11-14 01:31:09] merlin-logger.DEBUG: Running post-processing for post 839 [] []
[2021-11-14 01:31:09] merlin-logger.WARNING: Could not find the author for "shop_product_6" (post #839) [] []
[2021-11-14 01:31:09] merlin-logger.DEBUG: Post 839 was imported with author "peipr", but could not be found [] []
[2021-11-14 01:31:09] merlin-logger.DEBUG: Post 839 was marked for post-processing, but none was required. [] []
[2021-11-14 01:31:09] merlin-logger.DEBUG: Running post-processing for post 842 [] []
[2021-11-14 01:31:09] merlin-logger.WARNING: Could not find the author for "shop_product_7" (post #842) [] []
[2021-11-14 01:31:09] merlin-logger.DEBUG: Post 842 was imported with author "peipr", but could not be found [] []
[2021-11-14 01:31:09] merlin-logger.DEBUG: Post 842 was marked for post-processing, but none was required. [] []
[2021-11-14 01:31:09] merlin-logger.DEBUG: Running post-processing for post 843 [] []
[2021-11-14 01:31:09] merlin-logger.WARNING: Could not find the author for "shop_product_8" (post #843) [] []
[2021-11-14 01:31:09] merlin-logger.DEBUG: Post 843 was imported with author "peipr", but could not be found [] []
[2021-11-14 01:31:09] merlin-logger.DEBUG: Post 843 was marked for post-processing, but none was required. [] []
[2021-11-14 01:31:09] merlin-logger.DEBUG: Running post-processing for post 844 [] []
[2021-11-14 01:31:09] merlin-logger.WARNING: Could not find the author for "shop_product_9" (post #844) [] []
[2021-11-14 01:31:09] merlin-logger.DEBUG: Post 844 was imported with author "peipr", but could not be found [] []
[2021-11-14 01:31:09] merlin-logger.DEBUG: Post 844 was marked for post-processing, but none was required. [] []
[2021-11-14 01:31:09] merlin-logger.DEBUG: Running post-processing for post 846 [] []
[2021-11-14 01:31:09] merlin-logger.WARNING: Could not find the author for "shop_product_10" (post #846) [] []
[2021-11-14 01:31:09] merlin-logger.DEBUG: Post 846 was imported with author "peipr", but could not be found [] []
[2021-11-14 01:31:09] merlin-logger.DEBUG: Post 846 was marked for post-processing, but none was required. [] []
[2021-11-14 01:31:09] merlin-logger.DEBUG: Running post-processing for post 849 [] []
[2021-11-14 01:31:09] merlin-logger.WARNING: Could not find the author for "shop_product_11" (post #849) [] []
[2021-11-14 01:31:09] merlin-logger.DEBUG: Post 849 was imported with author "peipr", but could not be found [] []
[2021-11-14 01:31:09] merlin-logger.DEBUG: Post 849 was marked for post-processing, but none was required. [] []
[2021-11-14 01:31:09] merlin-logger.DEBUG: Running post-processing for post 850 [] []
[2021-11-14 01:31:09] merlin-logger.WARNING: Could not find the author for "shop_product_12" (post #850) [] []
[2021-11-14 01:31:09] merlin-logger.DEBUG: Post 850 was imported with author "peipr", but could not be found [] []
[2021-11-14 01:31:09] merlin-logger.DEBUG: Post 850 was marked for post-processing, but none was required. [] []
[2021-11-14 01:31:09] merlin-logger.DEBUG: Running post-processing for post 853 [] []
[2021-11-14 01:31:09] merlin-logger.WARNING: Could not find the author for "nokke_service_1" (post #853) [] []
[2021-11-14 01:31:09] merlin-logger.DEBUG: Post 853 was imported with author "peipr", but could not be found [] []
[2021-11-14 01:31:09] merlin-logger.DEBUG: Post 853 was marked for post-processing, but none was required. [] []
[2021-11-14 01:31:09] merlin-logger.DEBUG: Running post-processing for post 904 [] []
[2021-11-14 01:31:09] merlin-logger.WARNING: Could not find the author for "nokke_service_2" (post #904) [] []
[2021-11-14 01:31:09] merlin-logger.DEBUG: Post 904 was imported with author "peipr", but could not be found [] []
[2021-11-14 01:31:09] merlin-logger.DEBUG: Post 904 was marked for post-processing, but none was required. [] []
[2021-11-14 01:31:09] merlin-logger.DEBUG: Running post-processing for post 907 [] []
[2021-11-14 01:31:09] merlin-logger.WARNING: Could not find the author for "nokke_service_3" (post #907) [] []
[2021-11-14 01:31:09] merlin-logger.DEBUG: Post 907 was imported with author "peipr", but could not be found [] []
[2021-11-14 01:31:09] merlin-logger.DEBUG: Post 907 was marked for post-processing, but none was required. [] []
[2021-11-14 01:31:09] merlin-logger.DEBUG: Running post-processing for post 909 [] []
[2021-11-14 01:31:09] merlin-logger.WARNING: Could not find the author for "pexels-kampus-production-min" (post #909) [] []
[2021-11-14 01:31:09] merlin-logger.DEBUG: Post 909 was imported with author "peipr", but could not be found [] []
[2021-11-14 01:31:09] merlin-logger.DEBUG: Post 909 was marked for post-processing, but none was required. [] []
[2021-11-14 01:31:09] merlin-logger.DEBUG: Running post-processing for post 910 [] []
[2021-11-14 01:31:09] merlin-logger.WARNING: Could not find the author for "pexels-kampus-production-min_11.jpeg" (post #910) [] []
[2021-11-14 01:31:09] merlin-logger.DEBUG: Post 910 was imported with author "peipr", but could not be found [] []
[2021-11-14 01:31:09] merlin-logger.DEBUG: Post 910 was marked for post-processing, but none was required. [] []
[2021-11-14 01:31:09] merlin-logger.DEBUG: Running post-processing for post 922 [] []
[2021-11-14 01:31:09] merlin-logger.WARNING: Could not find the author for "nokke_service_4" (post #922) [] []
[2021-11-14 01:31:09] merlin-logger.DEBUG: Post 922 was imported with author "peipr", but could not be found [] []
[2021-11-14 01:31:09] merlin-logger.DEBUG: Post 922 was marked for post-processing, but none was required. [] []
[2021-11-14 01:31:09] merlin-logger.DEBUG: Running post-processing for post 923 [] []
[2021-11-14 01:31:09] merlin-logger.WARNING: Could not find the author for "nokke_service_5" (post #923) [] []
[2021-11-14 01:31:09] merlin-logger.DEBUG: Post 923 was imported with author "peipr", but could not be found [] []
[2021-11-14 01:31:09] merlin-logger.DEBUG: Post 923 was marked for post-processing, but none was required. [] []
[2021-11-14 01:31:09] merlin-logger.DEBUG: Running post-processing for post 924 [] []
[2021-11-14 01:31:09] merlin-logger.WARNING: Could not find the author for "nokke_service_6" (post #924) [] []
[2021-11-14 01:31:09] merlin-logger.DEBUG: Post 924 was imported with author "peipr", but could not be found [] []
[2021-11-14 01:31:09] merlin-logger.DEBUG: Post 924 was marked for post-processing, but none was required. [] []
[2021-11-14 01:31:09] merlin-logger.DEBUG: Running post-processing for post 941 [] []
[2021-11-14 01:31:09] merlin-logger.WARNING: Could not find the author for "nokke_promo_parallax_img" (post #941) [] []
[2021-11-14 01:31:09] merlin-logger.DEBUG: Post 941 was imported with author "peipr", but could not be found [] []
[2021-11-14 01:31:09] merlin-logger.DEBUG: Post 941 was marked for post-processing, but none was required. [] []
[2021-11-14 01:31:09] merlin-logger.DEBUG: Running post-processing for post 942 [] []
[2021-11-14 01:31:09] merlin-logger.WARNING: Could not find the author for "nokke_promo_parallax_main" (post #942) [] []
[2021-11-14 01:31:09] merlin-logger.DEBUG: Post 942 was imported with author "peipr", but could not be found [] []
[2021-11-14 01:31:09] merlin-logger.DEBUG: Post 942 was marked for post-processing, but none was required. [] []
[2021-11-14 01:31:09] merlin-logger.DEBUG: Running post-processing for post 971 [] []
[2021-11-14 01:31:09] merlin-logger.WARNING: Could not find the author for "nokke-testimonial-1" (post #971) [] []
[2021-11-14 01:31:09] merlin-logger.DEBUG: Post 971 was imported with author "peipr", but could not be found [] []
[2021-11-14 01:31:09] merlin-logger.DEBUG: Post 971 was marked for post-processing, but none was required. [] []
[2021-11-14 01:31:09] merlin-logger.DEBUG: Running post-processing for post 972 [] []
[2021-11-14 01:31:09] merlin-logger.WARNING: Could not find the author for "nokke-testimonial-2" (post #972) [] []
[2021-11-14 01:31:09] merlin-logger.DEBUG: Post 972 was imported with author "peipr", but could not be found [] []
[2021-11-14 01:31:09] merlin-logger.DEBUG: Post 972 was marked for post-processing, but none was required. [] []
[2021-11-14 01:31:09] merlin-logger.DEBUG: Running post-processing for post 973 [] []
[2021-11-14 01:31:09] merlin-logger.WARNING: Could not find the author for "nokke-testimonial-3" (post #973) [] []
[2021-11-14 01:31:09] merlin-logger.DEBUG: Post 973 was imported with author "peipr", but could not be found [] []
[2021-11-14 01:31:09] merlin-logger.DEBUG: Post 973 was marked for post-processing, but none was required. [] []
[2021-11-14 01:31:09] merlin-logger.DEBUG: Running post-processing for post 974 [] []
[2021-11-14 01:31:09] merlin-logger.WARNING: Could not find the author for "nokke-testimonial-4" (post #974) [] []
[2021-11-14 01:31:09] merlin-logger.DEBUG: Post 974 was imported with author "peipr", but could not be found [] []
[2021-11-14 01:31:09] merlin-logger.DEBUG: Post 974 was marked for post-processing, but none was required. [] []
[2021-11-14 01:31:09] merlin-logger.DEBUG: Running post-processing for post 1042 [] []
[2021-11-14 01:31:09] merlin-logger.WARNING: Could not find the author for "nokke_cta" (post #1042) [] []
[2021-11-14 01:31:09] merlin-logger.DEBUG: Post 1042 was imported with author "peipr", but could not be found [] []
[2021-11-14 01:31:09] merlin-logger.DEBUG: Post 1042 was marked for post-processing, but none was required. [] []
[2021-11-14 01:31:09] merlin-logger.DEBUG: Running post-processing for post 1105 [] []
[2021-11-14 01:31:09] merlin-logger.WARNING: Could not find the author for "nokke_studio_hero" (post #1105) [] []
[2021-11-14 01:31:09] merlin-logger.DEBUG: Post 1105 was imported with author "peipr", but could not be found [] []
[2021-11-14 01:31:09] merlin-logger.DEBUG: Post 1105 was marked for post-processing, but none was required. [] []
[2021-11-14 01:31:09] merlin-logger.DEBUG: Running post-processing for post 1106 [] []
[2021-11-14 01:31:09] merlin-logger.WARNING: Could not find the author for "nokke_intro_img" (post #1106) [] []
[2021-11-14 01:31:09] merlin-logger.DEBUG: Post 1106 was imported with author "peipr", but could not be found [] []
[2021-11-14 01:31:09] merlin-logger.DEBUG: Post 1106 was marked for post-processing, but none was required. [] []
[2021-11-14 01:31:09] merlin-logger.DEBUG: Running post-processing for post 1130 [] []
[2021-11-14 01:31:10] merlin-logger.WARNING: Could not find the author for "arrow-down" (post #1130) [] []
[2021-11-14 01:31:10] merlin-logger.DEBUG: Post 1130 was imported with author "peipr", but could not be found [] []
[2021-11-14 01:31:10] merlin-logger.DEBUG: Post 1130 was marked for post-processing, but none was required. [] []
[2021-11-14 01:31:10] merlin-logger.DEBUG: Running post-processing for post 1142 [] []
[2021-11-14 01:31:10] merlin-logger.WARNING: Could not find the author for "nokke_icon_trello" (post #1142) [] []
[2021-11-14 01:31:10] merlin-logger.DEBUG: Post 1142 was imported with author "peipr", but could not be found [] []
[2021-11-14 01:31:10] merlin-logger.DEBUG: Post 1142 was marked for post-processing, but none was required. [] []
[2021-11-14 01:31:10] merlin-logger.DEBUG: Running post-processing for post 1146 [] []
[2021-11-14 01:31:10] merlin-logger.WARNING: Could not find the author for "nokke_icon_development" (post #1146) [] []
[2021-11-14 01:31:10] merlin-logger.DEBUG: Post 1146 was imported with author "peipr", but could not be found [] []
[2021-11-14 01:31:10] merlin-logger.DEBUG: Post 1146 was marked for post-processing, but none was required. [] []
[2021-11-14 01:31:10] merlin-logger.DEBUG: Running post-processing for post 1150 [] []
[2021-11-14 01:31:10] merlin-logger.WARNING: Could not find the author for "nokke_icon_marketing" (post #1150) [] []
[2021-11-14 01:31:10] merlin-logger.DEBUG: Post 1150 was imported with author "peipr", but could not be found [] []
[2021-11-14 01:31:10] merlin-logger.DEBUG: Post 1150 was marked for post-processing, but none was required. [] []
[2021-11-14 01:31:10] merlin-logger.DEBUG: Running post-processing for post 1151 [] []
[2021-11-14 01:31:10] merlin-logger.WARNING: Could not find the author for "nokke_icon_support" (post #1151) [] []
[2021-11-14 01:31:10] merlin-logger.DEBUG: Post 1151 was imported with author "peipr", but could not be found [] []
[2021-11-14 01:31:10] merlin-logger.DEBUG: Post 1151 was marked for post-processing, but none was required. [] []
[2021-11-14 01:31:10] merlin-logger.DEBUG: Running post-processing for post 1216 [] []
[2021-11-14 01:31:10] merlin-logger.WARNING: Could not find the author for "awwwards_logo" (post #1216) [] []
[2021-11-14 01:31:10] merlin-logger.DEBUG: Post 1216 was imported with author "peipr", but could not be found [] []
[2021-11-14 01:31:10] merlin-logger.DEBUG: Post 1216 was marked for post-processing, but none was required. [] []
[2021-11-14 01:31:10] merlin-logger.DEBUG: Running post-processing for post 1218 [] []
[2021-11-14 01:31:10] merlin-logger.WARNING: Could not find the author for "awwwards_logo_2" (post #1218) [] []
[2021-11-14 01:31:10] merlin-logger.DEBUG: Post 1218 was imported with author "peipr", but could not be found [] []
[2021-11-14 01:31:10] merlin-logger.DEBUG: Post 1218 was marked for post-processing, but none was required. [] []
[2021-11-14 01:31:10] merlin-logger.DEBUG: Running post-processing for post 1219 [] []
[2021-11-14 01:31:10] merlin-logger.WARNING: Could not find the author for "awwwards_logo_3" (post #1219) [] []
[2021-11-14 01:31:10] merlin-logger.DEBUG: Post 1219 was imported with author "peipr", but could not be found [] []
[2021-11-14 01:31:10] merlin-logger.DEBUG: Post 1219 was marked for post-processing, but none was required. [] []
[2021-11-14 01:31:10] merlin-logger.DEBUG: Running post-processing for post 1262 [] []
[2021-11-14 01:31:10] merlin-logger.WARNING: Could not find the author for "nokke_cta_base" (post #1262) [] []
[2021-11-14 01:31:10] merlin-logger.DEBUG: Post 1262 was imported with author "peipr", but could not be found [] []
[2021-11-14 01:31:10] merlin-logger.DEBUG: Post 1262 was marked for post-processing, but none was required. [] []
[2021-11-14 01:31:10] merlin-logger.DEBUG: Running post-processing for post 1291 [] []
[2021-11-14 01:31:10] merlin-logger.WARNING: Could not find the author for "nokke_shop_hero_1" (post #1291) [] []
[2021-11-14 01:31:10] merlin-logger.DEBUG: Post 1291 was imported with author "peipr", but could not be found [] []
[2021-11-14 01:31:10] merlin-logger.DEBUG: Post 1291 was marked for post-processing, but none was required. [] []
[2021-11-14 01:31:10] merlin-logger.DEBUG: Running post-processing for post 1292 [] []
[2021-11-14 01:31:10] merlin-logger.WARNING: Could not find the author for "nokke_shop_hero_2" (post #1292) [] []
[2021-11-14 01:31:10] merlin-logger.DEBUG: Post 1292 was imported with author "peipr", but could not be found [] []
[2021-11-14 01:31:10] merlin-logger.DEBUG: Post 1292 was marked for post-processing, but none was required. [] []
[2021-11-14 01:31:10] merlin-logger.DEBUG: Running post-processing for post 1293 [] []
[2021-11-14 01:31:10] merlin-logger.WARNING: Could not find the author for "nokke_shop_hero_3" (post #1293) [] []
[2021-11-14 01:31:10] merlin-logger.DEBUG: Post 1293 was imported with author "peipr", but could not be found [] []
[2021-11-14 01:31:10] merlin-logger.DEBUG: Post 1293 was marked for post-processing, but none was required. [] []
[2021-11-14 01:31:10] merlin-logger.DEBUG: Running post-processing for post 1453 [] []
[2021-11-14 01:31:10] merlin-logger.WARNING: Could not find the author for "ecommerce_partner_logo_1" (post #1453) [] []
[2021-11-14 01:31:10] merlin-logger.DEBUG: Post 1453 was imported with author "peipr", but could not be found [] []
[2021-11-14 01:31:10] merlin-logger.DEBUG: Post 1453 was marked for post-processing, but none was required. [] []
[2021-11-14 01:31:10] merlin-logger.DEBUG: Running post-processing for post 1454 [] []
[2021-11-14 01:31:10] merlin-logger.WARNING: Could not find the author for "ecommerce_partner_logo_2" (post #1454) [] []
[2021-11-14 01:31:10] merlin-logger.DEBUG: Post 1454 was imported with author "peipr", but could not be found [] []
[2021-11-14 01:31:10] merlin-logger.DEBUG: Post 1454 was marked for post-processing, but none was required. [] []
[2021-11-14 01:31:10] merlin-logger.DEBUG: Running post-processing for post 1455 [] []
[2021-11-14 01:31:10] merlin-logger.WARNING: Could not find the author for "ecommerce_partner_logo_3" (post #1455) [] []
[2021-11-14 01:31:10] merlin-logger.DEBUG: Post 1455 was imported with author "peipr", but could not be found [] []
[2021-11-14 01:31:10] merlin-logger.DEBUG: Post 1455 was marked for post-processing, but none was required. [] []
[2021-11-14 01:31:10] merlin-logger.DEBUG: Running post-processing for post 1456 [] []
[2021-11-14 01:31:10] merlin-logger.WARNING: Could not find the author for "ecommerce_partner_logo_4" (post #1456) [] []
[2021-11-14 01:31:10] merlin-logger.DEBUG: Post 1456 was imported with author "peipr", but could not be found [] []
[2021-11-14 01:31:10] merlin-logger.DEBUG: Post 1456 was marked for post-processing, but none was required. [] []
[2021-11-14 01:31:10] merlin-logger.DEBUG: Running post-processing for post 1457 [] []
[2021-11-14 01:31:10] merlin-logger.WARNING: Could not find the author for "ecommerce_partner_logo_5" (post #1457) [] []
[2021-11-14 01:31:10] merlin-logger.DEBUG: Post 1457 was imported with author "peipr", but could not be found [] []
[2021-11-14 01:31:10] merlin-logger.DEBUG: Post 1457 was marked for post-processing, but none was required. [] []
[2021-11-14 01:31:10] merlin-logger.DEBUG: Running post-processing for post 1537 [] []
[2021-11-14 01:31:10] merlin-logger.WARNING: Could not find the author for "tp_vid_clouds-2.mp4" (post #1537) [] []
[2021-11-14 01:31:10] merlin-logger.DEBUG: Post 1537 was imported with author "peipr", but could not be found [] []
[2021-11-14 01:31:10] merlin-logger.DEBUG: Post 1537 was marked for post-processing, but none was required. [] []
[2021-11-14 01:31:10] merlin-logger.DEBUG: Running post-processing for post 1542 [] []
[2021-11-14 01:31:10] merlin-logger.WARNING: Could not find the author for "nokke_interior_slide_1" (post #1542) [] []
[2021-11-14 01:31:10] merlin-logger.DEBUG: Post 1542 was imported with author "peipr", but could not be found [] []
[2021-11-14 01:31:10] merlin-logger.DEBUG: Post 1542 was marked for post-processing, but none was required. [] []
[2021-11-14 01:31:10] merlin-logger.DEBUG: Running post-processing for post 1543 [] []
[2021-11-14 01:31:10] merlin-logger.WARNING: Could not find the author for "nokke_interior_slide_2" (post #1543) [] []
[2021-11-14 01:31:10] merlin-logger.DEBUG: Post 1543 was imported with author "peipr", but could not be found [] []
[2021-11-14 01:31:10] merlin-logger.DEBUG: Post 1543 was marked for post-processing, but none was required. [] []
[2021-11-14 01:31:10] merlin-logger.DEBUG: Running post-processing for post 1544 [] []
[2021-11-14 01:31:10] merlin-logger.WARNING: Could not find the author for "nokke_interior_slide_3" (post #1544) [] []
[2021-11-14 01:31:10] merlin-logger.DEBUG: Post 1544 was imported with author "peipr", but could not be found [] []
[2021-11-14 01:31:10] merlin-logger.DEBUG: Post 1544 was marked for post-processing, but none was required. [] []
[2021-11-14 01:31:10] merlin-logger.DEBUG: Running post-processing for post 1545 [] []
[2021-11-14 01:31:10] merlin-logger.WARNING: Could not find the author for "nokke_interior_slide_4" (post #1545) [] []
[2021-11-14 01:31:10] merlin-logger.DEBUG: Post 1545 was imported with author "peipr", but could not be found [] []
[2021-11-14 01:31:10] merlin-logger.DEBUG: Post 1545 was marked for post-processing, but none was required. [] []
[2021-11-14 01:31:10] merlin-logger.DEBUG: Running post-processing for post 1648 [] []
[2021-11-14 01:31:10] merlin-logger.WARNING: Could not find the author for "mega_menu_banner" (post #1648) [] []
[2021-11-14 01:31:10] merlin-logger.DEBUG: Post 1648 was imported with author "peipr", but could not be found [] []
[2021-11-14 01:31:10] merlin-logger.DEBUG: Post 1648 was marked for post-processing, but none was required. [] []
[2021-11-14 01:31:10] merlin-logger.DEBUG: Running post-processing for post 1666 [] []
[2021-11-14 01:31:10] merlin-logger.WARNING: Could not find the author for "nokke_about" (post #1666) [] []
[2021-11-14 01:31:10] merlin-logger.DEBUG: Post 1666 was imported with author "peipr", but could not be found [] []
[2021-11-14 01:31:10] merlin-logger.DEBUG: Running post-processing for post 1670 [] []
[2021-11-14 01:31:10] merlin-logger.WARNING: Could not find the author for "quote" (post #1670) [] []
[2021-11-14 01:31:10] merlin-logger.DEBUG: Post 1670 was imported with author "peipr", but could not be found [] []
[2021-11-14 01:31:10] merlin-logger.DEBUG: Running post-processing for post 1669 [] []
[2021-11-14 01:31:10] merlin-logger.WARNING: Could not find the author for "nokke_testimonial_large" (post #1669) [] []
[2021-11-14 01:31:10] merlin-logger.DEBUG: Post 1669 was imported with author "peipr", but could not be found [] []
[2021-11-14 01:31:10] merlin-logger.DEBUG: Running post-processing for post 1671 [] []
[2021-11-14 01:31:10] merlin-logger.WARNING: Could not find the author for "Terms and conditions" (post #1671) [] []
[2021-11-14 01:31:10] merlin-logger.DEBUG: Post 1671 was imported with author "peipr", but could not be found [] []
[2021-11-14 01:31:10] merlin-logger.DEBUG: Post 1671 was marked for post-processing, but none was required. [] []
[2021-11-14 01:31:10] merlin-logger.DEBUG: Running post-processing for post 1672 [] []
[2021-11-14 01:31:10] merlin-logger.WARNING: Could not find the author for "Privacy policy" (post #1672) [] []
[2021-11-14 01:31:10] merlin-logger.DEBUG: Post 1672 was imported with author "peipr", but could not be found [] []
[2021-11-14 01:31:10] merlin-logger.DEBUG: Post 1672 was marked for post-processing, but none was required. [] []
[2021-11-14 01:31:10] merlin-logger.DEBUG: Running post-processing for post 1761 [] []
[2021-11-14 01:31:10] merlin-logger.WARNING: Could not find the author for "nokke_single_project_fullwidth_image" (post #1761) [] []
[2021-11-14 01:31:10] merlin-logger.DEBUG: Post 1761 was imported with author "peipr", but could not be found [] []
[2021-11-14 01:31:10] merlin-logger.DEBUG: Post 1761 was marked for post-processing, but none was required. [] []
[2021-11-14 01:31:10] merlin-logger.DEBUG: Running post-processing for post 1785 [] []
[2021-11-14 01:31:10] merlin-logger.WARNING: Could not find the author for "nokke_single_project_before" (post #1785) [] []
[2021-11-14 01:31:10] merlin-logger.DEBUG: Post 1785 was imported with author "peipr", but could not be found [] []
[2021-11-14 01:31:10] merlin-logger.DEBUG: Post 1785 was marked for post-processing, but none was required. [] []
[2021-11-14 01:31:10] merlin-logger.DEBUG: Running post-processing for post 1790 [] []
[2021-11-14 01:31:10] merlin-logger.WARNING: Could not find the author for "nokke_single_project_after" (post #1790) [] []
[2021-11-14 01:31:10] merlin-logger.DEBUG: Post 1790 was imported with author "peipr", but could not be found [] []
[2021-11-14 01:31:10] merlin-logger.DEBUG: Post 1790 was marked for post-processing, but none was required. [] []
[2021-11-14 01:31:10] merlin-logger.DEBUG: Running post-processing for post 1863 [] []
[2021-11-14 01:31:10] merlin-logger.WARNING: Could not find the author for "nokke_services_page_title" (post #1863) [] []
[2021-11-14 01:31:10] merlin-logger.DEBUG: Post 1863 was imported with author "peipr", but could not be found [] []
[2021-11-14 01:31:10] merlin-logger.DEBUG: Running post-processing for post 1880 [] []
[2021-11-14 01:31:10] merlin-logger.WARNING: Could not find the author for "nokke_services_promo" (post #1880) [] []
[2021-11-14 01:31:10] merlin-logger.DEBUG: Post 1880 was imported with author "peipr", but could not be found [] []
[2021-11-14 01:31:10] merlin-logger.DEBUG: Running post-processing for post 1881 [] []
[2021-11-14 01:31:10] merlin-logger.WARNING: Could not find the author for "Pages" (post #1881) [] []
[2021-11-14 01:31:10] merlin-logger.DEBUG: Post 1881 was imported with author "peipr", but could not be found [] []
[2021-11-14 01:31:10] merlin-logger.DEBUG: Post 1881 was marked for post-processing, but none was required. [] []
[2021-11-14 01:31:10] merlin-logger.DEBUG: Running post-processing for post 1882 [] []
[2021-11-14 01:31:10] merlin-logger.WARNING: Could not find the author for "Page 404" (post #1882) [] []
[2021-11-14 01:31:10] merlin-logger.DEBUG: Post 1882 was imported with author "peipr", but could not be found [] []
[2021-11-14 01:31:10] merlin-logger.DEBUG: Post 1882 was marked for post-processing, but none was required. [] []
[2021-11-14 01:31:10] merlin-logger.DEBUG: Running post-processing for post 2004 [] []
[2021-11-14 01:31:10] merlin-logger.WARNING: Could not find the author for "" (post #2004) [] []
[2021-11-14 01:31:10] merlin-logger.DEBUG: Post 2004 was imported with author "peipr", but could not be found [] []
[2021-11-14 01:31:10] merlin-logger.DEBUG: Post 2004 was marked for post-processing, but none was required. [] []
[2021-11-14 01:31:10] merlin-logger.DEBUG: Running post-processing for post 2005 [] []
[2021-11-14 01:31:10] merlin-logger.WARNING: Could not find the author for "" (post #2005) [] []
[2021-11-14 01:31:10] merlin-logger.DEBUG: Post 2005 was imported with author "peipr", but could not be found [] []
[2021-11-14 01:31:10] merlin-logger.DEBUG: Post 2005 was marked for post-processing, but none was required. [] []
[2021-11-14 01:31:10] merlin-logger.DEBUG: Running post-processing for post 2006 [] []
[2021-11-14 01:31:10] merlin-logger.WARNING: Could not find the author for "" (post #2006) [] []
[2021-11-14 01:31:10] merlin-logger.DEBUG: Post 2006 was imported with author "peipr", but could not be found [] []
[2021-11-14 01:31:10] merlin-logger.DEBUG: Post 2006 was marked for post-processing, but none was required. [] []
[2021-11-14 01:31:10] merlin-logger.DEBUG: Running post-processing for post 2008 [] []
[2021-11-14 01:31:10] merlin-logger.WARNING: Could not find the author for "" (post #2008) [] []
[2021-11-14 01:31:10] merlin-logger.DEBUG: Post 2008 was imported with author "peipr", but could not be found [] []
[2021-11-14 01:31:10] merlin-logger.DEBUG: Post 2008 was marked for post-processing, but none was required. [] []
[2021-11-14 01:31:10] merlin-logger.DEBUG: Running post-processing for post 2009 [] []
[2021-11-14 01:31:10] merlin-logger.WARNING: Could not find the author for "Single Post" (post #2009) [] []
[2021-11-14 01:31:10] merlin-logger.DEBUG: Post 2009 was imported with author "peipr", but could not be found [] []
[2021-11-14 01:31:10] merlin-logger.DEBUG: Post 2009 was marked for post-processing, but none was required. [] []
[2021-11-14 01:31:10] merlin-logger.DEBUG: Running post-processing for post 2010 [] []
[2021-11-14 01:31:10] merlin-logger.WARNING: Could not find the author for "Blog Default" (post #2010) [] []
[2021-11-14 01:31:10] merlin-logger.DEBUG: Post 2010 was imported with author "peipr", but could not be found [] []
[2021-11-14 01:31:10] merlin-logger.DEBUG: Post 2010 was marked for post-processing, but none was required. [] []
[2021-11-14 01:31:10] merlin-logger.DEBUG: Running post-processing for post 2025 [] []
[2021-11-14 01:31:10] merlin-logger.WARNING: Could not find the author for "cropped-favicon-1.png" (post #2025) [] []
[2021-11-14 01:31:10] merlin-logger.DEBUG: Post 2025 was imported with author "peipr", but could not be found [] []
[2021-11-14 01:31:10] merlin-logger.DEBUG: Post 2025 was marked for post-processing, but none was required. [] []
[2021-11-14 01:31:10] merlin-logger.DEBUG: Running post-processing for post 2031 [] []
[2021-11-14 01:31:10] merlin-logger.WARNING: Could not find the author for "Try Pro" (post #2031) [] []
[2021-11-14 01:31:10] merlin-logger.DEBUG: Post 2031 was imported with author "peipr", but could not be found [] []
[2021-11-14 01:31:10] merlin-logger.DEBUG: Post 2031 was marked for post-processing, but none was required. [] []
[2021-11-14 01:31:10] merlin-logger.DEBUG: Running post-processing for post 2032 [] []
[2021-11-14 01:31:10] merlin-logger.WARNING: Could not find the author for "Hello world!" (post #2032) [] []
[2021-11-14 01:31:10] merlin-logger.DEBUG: Post 2032 was imported with author "peipr", but could not be found [] []
[2021-11-14 01:31:10] merlin-logger.DEBUG: Post 2032 was marked for post-processing, but none was required. [] []
[2021-11-14 01:31:10] merlin-logger.DEBUG: Running post-processing for post 34 [] []
[2021-11-14 01:31:10] merlin-logger.WARNING: Could not find the author for "Services" (post #34) [] []
[2021-11-14 01:31:10] merlin-logger.DEBUG: Post 34 was imported with author "peipr", but could not be found [] []
[2021-11-14 01:31:10] merlin-logger.DEBUG: Post 34 was marked for post-processing, but none was required. [] []
[2021-11-14 01:31:10] merlin-logger.DEBUG: Running post-processing for post 38 [] []
[2021-11-14 01:31:10] merlin-logger.WARNING: Could not find the author for "About" (post #38) [] []
[2021-11-14 01:31:10] merlin-logger.DEBUG: Post 38 was imported with author "peipr", but could not be found [] []
[2021-11-14 01:31:10] merlin-logger.DEBUG: Running post-processing for post 40 [] []
[2021-11-14 01:31:10] merlin-logger.WARNING: Could not find the author for "Blog" (post #40) [] []
[2021-11-14 01:31:10] merlin-logger.DEBUG: Post 40 was imported with author "peipr", but could not be found [] []
[2021-11-14 01:31:10] merlin-logger.DEBUG: Post 40 was marked for post-processing, but none was required. [] []
[2021-11-14 01:31:10] merlin-logger.DEBUG: Running post-processing for post 42 [] []
[2021-11-14 01:31:10] merlin-logger.WARNING: Could not find the author for "Contact" (post #42) [] []
[2021-11-14 01:31:10] merlin-logger.DEBUG: Post 42 was imported with author "peipr", but could not be found [] []
[2021-11-14 01:31:10] merlin-logger.DEBUG: Post 42 was marked for post-processing, but none was required. [] []
[2021-11-14 01:31:10] merlin-logger.DEBUG: Running post-processing for post 56 [] []
[2021-11-14 01:31:10] merlin-logger.WARNING: Could not find the author for "So you want to be an entrepreneur?" (post #56) [] []
[2021-11-14 01:31:10] merlin-logger.DEBUG: Post 56 was imported with author "peipr", but could not be found [] []
[2021-11-14 01:31:10] merlin-logger.DEBUG: Running post-processing for post 60 [] []
[2021-11-14 01:31:10] merlin-logger.WARNING: Could not find the author for "11 Mindset Traits of Successful Entrepreneurs" (post #60) [] []
[2021-11-14 01:31:10] merlin-logger.DEBUG: Post 60 was imported with author "peipr", but could not be found [] []
[2021-11-14 01:31:10] merlin-logger.DEBUG: Running post-processing for post 67 [] []
[2021-11-14 01:31:10] merlin-logger.WARNING: Could not find the author for "Home" (post #67) [] []
[2021-11-14 01:31:10] merlin-logger.DEBUG: Post 67 was imported with author "peipr", but could not be found [] []
[2021-11-14 01:31:10] merlin-logger.DEBUG: Running post-processing for post 69 [] []
[2021-11-14 01:31:10] merlin-logger.WARNING: Could not find the author for "Why Losing Nearly Everything Was the Best Thing" (post #69) [] []
[2021-11-14 01:31:10] merlin-logger.DEBUG: Post 69 was imported with author "peipr", but could not be found [] []
[2021-11-14 01:31:10] merlin-logger.DEBUG: Running post-processing for post 72 [] []
[2021-11-14 01:31:10] merlin-logger.WARNING: Could not find the author for "Utilize these nine resources" (post #72) [] []
[2021-11-14 01:31:10] merlin-logger.DEBUG: Post 72 was imported with author "peipr", but could not be found [] []
[2021-11-14 01:31:10] merlin-logger.DEBUG: Running post-processing for post 75 [] []
[2021-11-14 01:31:10] merlin-logger.WARNING: Could not find the author for "Alone in the forest" (post #75) [] []
[2021-11-14 01:31:10] merlin-logger.DEBUG: Post 75 was imported with author "peipr", but could not be found [] []
[2021-11-14 01:31:10] merlin-logger.DEBUG: Running post-processing for post 78 [] []
[2021-11-14 01:31:10] merlin-logger.WARNING: Could not find the author for "24 More Inspirational Quotes" (post #78) [] []
[2021-11-14 01:31:10] merlin-logger.DEBUG: Post 78 was imported with author "peipr", but could not be found [] []
[2021-11-14 01:31:11] merlin-logger.DEBUG: Running post-processing for post 81 [] []
[2021-11-14 01:31:11] merlin-logger.WARNING: Could not find the author for "Simple Minimalist Office Setup" (post #81) [] []
[2021-11-14 01:31:11] merlin-logger.DEBUG: Post 81 was imported with author "peipr", but could not be found [] []
[2021-11-14 01:31:11] merlin-logger.DEBUG: Running post-processing for post 84 [] []
[2021-11-14 01:31:11] merlin-logger.WARNING: Could not find the author for "Never Feel Guilty for Following Your Dreams" (post #84) [] []
[2021-11-14 01:31:11] merlin-logger.DEBUG: Post 84 was imported with author "peipr", but could not be found [] []
[2021-11-14 01:31:11] merlin-logger.DEBUG: Running post-processing for post 87 [] []
[2021-11-14 01:31:11] merlin-logger.WARNING: Could not find the author for "How To Choose Good Camera" (post #87) [] []
[2021-11-14 01:31:11] merlin-logger.DEBUG: Post 87 was imported with author "peipr", but could not be found [] []
[2021-11-14 01:31:11] merlin-logger.DEBUG: Running post-processing for post 90 [] []
[2021-11-14 01:31:11] merlin-logger.WARNING: Could not find the author for "Trip To a Beautiful Switzerland" (post #90) [] []
[2021-11-14 01:31:11] merlin-logger.DEBUG: Post 90 was imported with author "peipr", but could not be found [] []
[2021-11-14 01:31:11] merlin-logger.DEBUG: Running post-processing for post 788 [] []
[2021-11-14 01:31:11] merlin-logger.WARNING: Could not find the author for "Nokke Contact Form" (post #788) [] []
[2021-11-14 01:31:11] merlin-logger.DEBUG: Post 788 was imported with author "peipr", but could not be found [] []
[2021-11-14 01:31:11] merlin-logger.DEBUG: Post 788 was marked for post-processing, but none was required. [] []
[2021-11-14 01:31:11] merlin-logger.DEBUG: Running post-processing for post 1995 [] []
[2021-11-14 01:31:11] merlin-logger.WARNING: Could not find the author for "Blog Masonry" (post #1995) [] []
[2021-11-14 01:31:11] merlin-logger.DEBUG: Post 1995 was imported with author "peipr", but could not be found [] []
[2021-11-14 01:31:11] merlin-logger.DEBUG: Running post-processing for post 2048 [] []
[2021-11-14 01:31:11] merlin-logger.WARNING: Could not find the author for "" (post #2048) [] []
[2021-11-14 01:31:11] merlin-logger.DEBUG: Post 2048 was imported with author "peipr", but could not be found [] []
[2021-11-14 01:31:11] merlin-logger.DEBUG: Post 2048 was marked for post-processing, but none was required. [] []
[2021-11-14 01:31:11] merlin-logger.WARNING: Could not find the author for comment #5 [] []
[2021-11-14 01:31:11] merlin-logger.DEBUG: Comment 5 was imported with author 1, but could not be found [] []
[2021-11-14 01:31:11] merlin-logger.INFO: Starting remapping of featured images [] []
[2021-11-14 01:31:12] merlin-logger.INFO: The content import AJAX call will be executed with this import data {"title":"Widgets","data":"/opt/bitnami/wordpress/wp-content/uploads/2021/11/widgets-2021-11-14__01-25-10.json"} []
[2021-11-14 01:31:13] merlin-logger.DEBUG: Blog Sidebar :   Block - No Title - Imported Block - No Title - Imported Block - No Title - Imported Block - No Title - Imported  Page Sidebar :   Block - No Title - Imported Block - No Title - Imported  Footer Column 1 :   Block - No Title - Imported  Footer Column 2 :   Block - No Title - Imported  Footer Column 3 :   Block - No Title - Imported  Footer Column 4 :   Block - No Title - Imported   [] []
[2021-11-14 01:31:13] merlin-logger.INFO: The content import AJAX call will be executed with this import data {"title":"Options","data":"/opt/bitnami/wordpress/wp-content/uploads/2021/11/options-2021-11-14__01-25-10.dat"} []
[2021-11-14 01:31:13] merlin-logger.INFO: The customizer import has finished successfully [] []
[2021-11-14 01:31:14] merlin-logger.INFO: The content import AJAX call will be executed with this import data {"title":"After import setup","data":0} []
[2021-11-14 01:31:19] merlin-logger.DEBUG: The final step has been displayed [] []
